slurmstepd: info: Setting TMPDIR to /scratch/9461964. Previous errors about TMPDIR can be discarded
Running scm_0.001
slurmstepd: error: Detected 1 oom-kill event(s) in StepId=9461964.0. Some of your processes may have been killed by the cgroup out-of-memory handler.
srun: error: ilk-48: task 28: Out Of Memory
srun: launch/slurm: _step_signal: Terminating StepId=9461964.0
slurmstepd: error: *** STEP 9461964.0 ON ilk-44 CANCELLED AT 2024-11-25T08:07:49 ***
srun: error: ilk-160: task 40: Terminated
srun: error: ilk-162: tasks 41-42: Terminated
srun: error: ilk-163: tasks 43-48: Terminated
srun: error: ilk-172: tasks 49-53: Terminated
srun: error: ilk-215: tasks 54-69: Terminated
srun: error: ilk-232: tasks 70-83: Terminated
srun: error: ilk-237: tasks 84-99: Terminated
srun: error: ilk-44: tasks 0-19: Terminated
Worker 47 terminated.
Worker 51 terminated.
Worker 50 terminated.
Worker 52 terminated.
Worker 49 terminated.
Worker 53 terminated.
Worker 40 terminated.
Worker 48 terminated.
Worker 13 terminated.
Worker 15 terminated.
Worker 14 terminated.
Worker 12 terminated.
Worker 16 terminated.
Worker 18 terminated.
Worker 17 terminated.
Worker 27 terminated.
Worker 22 terminated.
Worker 20 terminated.
Worker 23 terminated.
Worker 21 terminated.
Worker 25 terminated.
Worker 24 terminated.
Worker 19 terminated.
Worker 74 terminated.
Worker 5 terminated.
UNHANDLED TASK ERROR: IOError: read: connection reset by peer (ECONNRESET)
Stacktrace:
 [1] wait_readnb(x::Sockets.TCPSocket, nb::Int64)
   @ Base ./stream.jl:410
 [2] (::Base.var"#wait_locked#831")(s::Sockets.TCPSocket, buf::IOBuffer, nb::Int64)
   @ Base ./stream.jl:925
 [3] readbytes!(s::Sockets.TCPSocket, a::Vector{UInt8}, nb::Int64)
   @ Base ./stream.jl:931
 [4] read
   @ ./io.jl:1176 [inlined]
 [5] process_hdr(s::Sockets.TCPSocket, validate_cookie::Bool)
   @ Distributed /mnt/netapp2/Home_FT2/home/csic/toq/cph/.julia/juliaup/julia-1.11.1+0.x64.linux.gnu/share/julia/stdlib/v1.11/Distributed/src/process_messages.jl:274
 [6] message_handler_loop(r_stream::Sockets.TCPSocket, w_stream::Sockets.TCPSocket, incoming::Bool)
   @ Distributed /mnt/netapp2/Home_FT2/home/csic/toq/cph/.julia/juliaup/julia-1.11.1+0.x64.linux.gnu/share/julia/stdlib/v1.11/Distributed/src/process_messages.jl:158
 [7] process_tcp_streams(r_stream::Sockets.TCPSocket, w_stream::Sockets.TCPSocket, incoming::Bool)
   @ Distributed /mnt/netapp2/Home_FT2/home/csic/toq/cph/.julia/juliaup/julia-1.11.1+0.x64.linux.gnu/share/julia/stdlib/v1.11/Distributed/src/process_messages.jl:133
 [8] (::Distributed.var"#103#104"{Sockets.TCPSocket, Sockets.TCPSocket, Bool})()
   @ Distributed /mnt/netapp2/Home_FT2/home/csic/toq/cph/.julia/juliaup/julia-1.11.1+0.x64.linux.gnu/share/julia/stdlib/v1.11/Distributed/src/process_messages.jl:121
UNHANDLED TASK ERROR: IOError: read: connection reset by peer (ECONNRESET)
Stacktrace:
 [1] wait_readnb(x::Sockets.TCPSocket, nb::Int64)
   @ Base ./stream.jl:410
 [2] (::Base.var"#wait_locked#831")(s::Sockets.TCPSocket, buf::IOBuffer, nb::Int64)
   @ Base ./stream.jl:925
 [3] readbytes!(s::Sockets.TCPSocket, a::Vector{UInt8}, nb::Int64)
   @ Base ./stream.jl:931
 [4] read
   @ ./io.jl:1176 [inlined]
 [5] process_hdr(s::Sockets.TCPSocket, validate_cookie::Bool)
   @ Distributed /mnt/netapp2/Home_FT2/home/csic/toq/cph/.julia/juliaup/julia-1.11.1+0.x64.linux.gnu/share/julia/stdlib/v1.11/Distributed/src/process_messages.jl:274
 [6] message_handler_loop(r_stream::Sockets.TCPSocket, w_stream::Sockets.TCPSocket, incoming::Bool)
   @ Distributed /mnt/netapp2/Home_FT2/home/csic/toq/cph/.julia/juliaup/julia-1.11.1+0.x64.linux.gnu/share/julia/stdlib/v1.11/Distributed/src/process_messages.jl:158
 [7] process_tcp_streams(r_stream::Sockets.TCPSocket, w_stream::Sockets.TCPSocket, incoming::Bool)
   @ Distributed /mnt/netapp2/Home_FT2/home/csic/toq/cph/.julia/juliaup/julia-1.11.1+0.x64.linux.gnu/share/julia/stdlib/v1.11/Distributed/src/process_messages.jl:133
 [8] (::Distributed.var"#103#104"{Sockets.TCPSocket, Sockets.TCPSocket, Bool})()
   @ Distributed /mnt/netapp2/Home_FT2/home/csic/toq/cph/.julia/juliaup/julia-1.11.1+0.x64.linux.gnu/share/julia/stdlib/v1.11/Distributed/src/process_messages.jl:121
UNHANDLED TASK ERROR: IOError: read: connection reset by peer (ECONNRESET)
Stacktrace:
 [1] wait_readnb(x::Sockets.TCPSocket, nb::Int64)
   @ Base ./stream.jl:410
 [2] (::Base.var"#wait_locked#831")(s::Sockets.TCPSocket, buf::IOBuffer, nb::Int64)
   @ Base ./stream.jl:925
 [3] readbytes!(s::Sockets.TCPSocket, a::Vector{UInt8}, nb::Int64)
   @ Base ./stream.jl:931
 [4] read
   @ ./io.jl:1176 [inlined]
 [5] process_hdr(s::Sockets.TCPSocket, validate_cookie::Bool)
   @ Distributed /mnt/netapp2/Home_FT2/home/csic/toq/cph/.julia/juliaup/julia-1.11.1+0.x64.linux.gnu/share/julia/stdlib/v1.11/Distributed/src/process_messages.jl:274
 [6] message_handler_loop(r_stream::Sockets.TCPSocket, w_stream::Sockets.TCPSocket, incoming::Bool)
   @ Distributed /mnt/netapp2/Home_FT2/home/csic/toq/cph/.julia/juliaup/julia-1.11.1+0.x64.linux.gnu/share/julia/stdlib/v1.11/Distributed/src/process_messages.jl:158
 [7] process_tcp_streams(r_stream::Sockets.TCPSocket, w_stream::Sockets.TCPSocket, incoming::Bool)
   @ Distributed /mnt/netapp2/Home_FT2/home/csic/toq/cph/.julia/juliaup/julia-1.11.1+0.x64.linux.gnu/share/julia/stdlib/v1.11/Distributed/src/process_messages.jl:133
 [8] (::Distributed.var"#103#104"{Sockets.TCPSocket, Sockets.TCPSocket, Bool})()
   @ Distributed /mnt/netapp2/Home_FT2/home/csic/toq/cph/.julia/juliaup/julia-1.11.1+0.x64.linux.gnu/share/julia/stdlib/v1.11/Distributed/src/process_messages.jl:121
UNHANDLED TASK ERROR: IOError: read: connection reset by peer (ECONNRESET)
Stacktrace:
 [1] wait_readnb(x::Sockets.TCPSocket, nb::Int64)
   @ Base ./stream.jl:410
 [2] (::Base.var"#wait_locked#831")(s::Sockets.TCPSocket, buf::IOBuffer, nb::Int64)
   @ Base ./stream.jl:925
 [3] readbytes!(s::Sockets.TCPSocket, a::Vector{UInt8}, nb::Int64)
   @ Base ./stream.jl:931
 [4] read
   @ ./io.jl:1176 [inlined]
 [5] process_hdr(s::Sockets.TCPSocket, validate_cookie::Bool)
   @ Distributed /mnt/netapp2/Home_FT2/home/csic/toq/cph/.julia/juliaup/julia-1.11.1+0.x64.linux.gnu/share/julia/stdlib/v1.11/Distributed/src/process_messages.jl:274
 [6] message_handler_loop(r_stream::Sockets.TCPSocket, w_stream::Sockets.TCPSocket, incoming::Bool)
   @ Distributed /mnt/netapp2/Home_FT2/home/csic/toq/cph/.julia/juliaup/julia-1.11.1+0.x64.linux.gnu/share/julia/stdlib/v1.11/Distributed/src/process_messages.jl:158
 [7] process_tcp_streams(r_stream::Sockets.TCPSocket, w_stream::Sockets.TCPSocket, incoming::Bool)
   @ Distributed /mnt/netapp2/Home_FT2/home/csic/toq/cph/.julia/juliaup/julia-1.11.1+0.x64.linux.gnu/share/julia/stdlib/v1.11/Distributed/src/process_messages.jl:133
 [8] (::Distributed.var"#103#104"{Sockets.TCPSocket, Sockets.TCPSocket, Bool})()
   @ Distributed /mnt/netapp2/Home_FT2/home/csic/toq/cph/.julia/juliaup/julia-1.11.1+0.x64.linux.gnu/share/julia/stdlib/v1.11/Distributed/src/process_messages.jl:121
UNHANDLED TASK ERROR: IOError: read: connection reset by peer (ECONNRESET)
Stacktrace:
 [1] wait_readnb(x::Sockets.TCPSocket, nb::Int64)
   @ Base ./stream.jl:410
 [2] (::Base.var"#wait_locked#831")(s::Sockets.TCPSocket, buf::IOBuffer, nb::Int64)
   @ Base ./stream.jl:925
 [3] readbytes!(s::Sockets.TCPSocket, a::Vector{UInt8}, nb::Int64)
   @ Base ./stream.jl:931
 [4] read
   @ ./io.jl:1176 [inlined]
 [5] process_hdr(s::Sockets.TCPSocket, validate_cookie::Bool)
   @ Distributed /mnt/netapp2/Home_FT2/home/csic/toq/cph/.julia/juliaup/julia-1.11.1+0.x64.linux.gnu/share/julia/stdlib/v1.11/Distributed/src/process_messages.jl:274
 [6] message_handler_loop(r_stream::Sockets.TCPSocket, w_stream::Sockets.TCPSocket, incoming::Bool)
   @ Distributed /mnt/netapp2/Home_FT2/home/csic/toq/cph/.julia/juliaup/julia-1.11.1+0.x64.linux.gnu/share/julia/stdlib/v1.11/Distributed/src/process_messages.jl:158
 [7] process_tcp_streams(r_stream::Sockets.TCPSocket, w_stream::Sockets.TCPSocket, incoming::Bool)
   @ Distributed /mnt/netapp2/Home_FT2/home/csic/toq/cph/.julia/juliaup/julia-1.11.1+0.x64.linux.gnu/share/julia/stdlib/v1.11/Distributed/src/process_messages.jl:133
 [8] (::Distributed.var"#103#104"{Sockets.TCPSocket, Sockets.TCPSocket, Bool})()
   @ Distributed /mnt/netapp2/Home_FT2/home/csic/toq/cph/.julia/juliaup/julia-1.11.1+0.x64.linux.gnu/share/julia/stdlib/v1.11/Distributed/src/process_messages.jl:121
Worker 62 terminated.
UNHANDLED TASK ERROR: IOError: read: connection reset by peer (ECONNRESET)
Stacktrace:
 [1] wait_readnb(x::Sockets.TCPSocket, nb::Int64)
   @ Base ./stream.jl:410
 [2] (::Base.var"#wait_locked#831")(s::Sockets.TCPSocket, buf::IOBuffer, nb::Int64)
   @ Base ./stream.jl:925
 [3] readbytes!(s::Sockets.TCPSocket, a::Vector{UInt8}, nb::Int64)
   @ Base ./stream.jl:931
 [4] read
   @ ./io.jl:1176 [inlined]
 [5] process_hdr(s::Sockets.TCPSocket, validate_cookie::Bool)
   @ Distributed /mnt/netapp2/Home_FT2/home/csic/toq/cph/.julia/juliaup/julia-1.11.1+0.x64.linux.gnu/share/julia/stdlib/v1.11/Distributed/src/process_messages.jl:274
 [6] message_handler_loop(r_stream::Sockets.TCPSocket, w_stream::Sockets.TCPSocket, incoming::Bool)
   @ Distributed /mnt/netapp2/Home_FT2/home/csic/toq/cph/.julia/juliaup/julia-1.11.1+0.x64.linux.gnu/share/julia/stdlib/v1.11/Distributed/src/process_messages.jl:158
 [7] process_tcp_streams(r_stream::Sockets.TCPSocket, w_stream::Sockets.TCPSocket, incoming::Bool)
   @ Distributed /mnt/netapp2/Home_FT2/home/csic/toq/cph/.julia/juliaup/julia-1.11.1+0.x64.linux.gnu/share/julia/stdlib/v1.11/Distributed/src/process_messages.jl:133
 [8] (::Distributed.var"#103#104"{Sockets.TCPSocket, Sockets.TCPSocket, Bool})()
   @ Distributed /mnt/netapp2/Home_FT2/home/csic/toq/cph/.julia/juliaup/julia-1.11.1+0.x64.linux.gnu/share/julia/stdlib/v1.11/Distributed/src/process_messages.jl:121
Worker 81 terminated.
Worker 80 terminated.
Worker 70 terminated.
Worker 77 terminated.
Worker 79 terminated.
Worker 64 terminated.
Worker 78 terminated.
Worker 71 terminated.
Worker 69 terminated.
Worker 72 terminated.
Worker 68 terminated.
Worker 75 terminated.
Worker 65 terminated.
Worker 67 terminated.
Worker 66 terminated.
Worker 76 terminated.
Worker 73 terminated.
Worker 2 terminated.
Worker 10 terminated.
Worker 6 terminated.
Worker 11 terminated.
Worker 28 terminated.
UNHANDLED TASK ERROR: EOFError: read end of file
Stacktrace:
 [1] (::Base.var"#wait_locked#832")(s::Sockets.TCPSocket, buf::IOBuffer, nb::Int64)
   @ Base ./stream.jl:970
 [2] unsafe_read(s::Sockets.TCPSocket, p::Ptr{UInt8}, nb::UInt64)
   @ Base ./stream.jl:978
 [3] unsafe_read
   @ ./io.jl:891 [inlined]
 [4] unsafe_read(s::Sockets.TCPSocket, p::Base.RefValue{NTuple{4, Int64}}, n::Int64)
   @ Base ./io.jl:890
 [5] read!
   @ ./io.jl:895 [inlined]
 [6] deserialize_hdr_raw
   @ /mnt/netapp2/Home_FT2/home/csic/toq/cph/.julia/juliaup/julia-1.11.1+0.x64.linux.gnu/share/julia/stdlib/v1.11/Distributed/src/messages.jl:167 [inlined]
 [7] message_handler_loop(r_stream::Sockets.TCPSocket, w_stream::Sockets.TCPSocket, incoming::Bool)
   @ Distributed /mnt/netapp2/Home_FT2/home/csic/toq/cph/.julia/juliaup/julia-1.11.1+0.x64.linux.gnu/share/julia/stdlib/v1.11/Distributed/src/process_messages.jl:172
 [8] process_tcp_streams(r_stream::Sockets.TCPSocket, w_stream::Sockets.TCPSocket, incoming::Bool)
   @ Distributed /mnt/netapp2/Home_FT2/home/csic/toq/cph/.julia/juliaup/julia-1.11.1+0.x64.linux.gnu/share/julia/stdlib/v1.11/Distributed/src/process_messages.jl:133
 [9] (::Distributed.var"#103#104"{Sockets.TCPSocket, Sockets.TCPSocket, Bool})()
   @ Distributed /mnt/netapp2/Home_FT2/home/csic/toq/cph/.julia/juliaup/julia-1.11.1+0.x64.linux.gnu/share/julia/stdlib/v1.11/Distributed/src/process_messages.jl:121
UNHANDLED TASK ERROR: IOError: read: connection reset by peer (ECONNRESET)
Stacktrace:
 [1] wait_readnb(x::Sockets.TCPSocket, nb::Int64)
   @ Base ./stream.jl:410
 [2] (::Base.var"#wait_locked#831")(s::Sockets.TCPSocket, buf::IOBuffer, nb::Int64)
   @ Base ./stream.jl:925
 [3] readbytes!(s::Sockets.TCPSocket, a::Vector{UInt8}, nb::Int64)
   @ Base ./stream.jl:931
 [4] read
   @ ./io.jl:1176 [inlined]
 [5] process_hdr(s::Sockets.TCPSocket, validate_cookie::Bool)
   @ Distributed /mnt/netapp2/Home_FT2/home/csic/toq/cph/.julia/juliaup/julia-1.11.1+0.x64.linux.gnu/share/julia/stdlib/v1.11/Distributed/src/process_messages.jl:274
 [6] message_handler_loop(r_stream::Sockets.TCPSocket, w_stream::Sockets.TCPSocket, incoming::Bool)
   @ Distributed /mnt/netapp2/Home_FT2/home/csic/toq/cph/.julia/juliaup/julia-1.11.1+0.x64.linux.gnu/share/julia/stdlib/v1.11/Distributed/src/process_messages.jl:158
 [7] process_tcp_streams(r_stream::Sockets.TCPSocket, w_stream::Sockets.TCPSocket, incoming::Bool)
   @ Distributed /mnt/netapp2/Home_FT2/home/csic/toq/cph/.julia/juliaup/julia-1.11.1+0.x64.linux.gnu/share/julia/stdlib/v1.11/Distributed/src/process_messages.jl:133
 [8] (::Distributed.var"#103#104"{Sockets.TCPSocket, Sockets.TCPSocket, Bool})()
   @ Distributed /mnt/netapp2/Home_FT2/home/csic/toq/cph/.julia/juliaup/julia-1.11.1+0.x64.linux.gnu/share/julia/stdlib/v1.11/Distributed/src/process_messages.jl:121
UNHANDLED TASK ERROR: EOFError: read end of file
Stacktrace:
 [1] (::Base.var"#wait_locked#832")(s::Sockets.TCPSocket, buf::IOBuffer, nb::Int64)
   @ Base ./stream.jl:970
 [2] unsafe_read(s::Sockets.TCPSocket, p::Ptr{UInt8}, nb::UInt64)
   @ Base ./stream.jl:978
 [3] unsafe_read
   @ ./io.jl:891 [inlined]
 [4] unsafe_read(s::Sockets.TCPSocket, p::Base.RefValue{NTuple{4, Int64}}, n::Int64)
   @ Base ./io.jl:890
 [5] read!
   @ ./io.jl:895 [inlined]
 [6] deserialize_hdr_raw
   @ /mnt/netapp2/Home_FT2/home/csic/toq/cph/.julia/juliaup/julia-1.11.1+0.x64.linux.gnu/share/julia/stdlib/v1.11/Distributed/src/messages.jl:167 [inlined]
 [7] message_handler_loop(r_stream::Sockets.TCPSocket, w_stream::Sockets.TCPSocket, incoming::Bool)
   @ Distributed /mnt/netapp2/Home_FT2/home/csic/toq/cph/.julia/juliaup/julia-1.11.1+0.x64.linux.gnu/share/julia/stdlib/v1.11/Distributed/src/process_messages.jl:172
 [8] process_tcp_streams(r_stream::Sockets.TCPSocket, w_stream::Sockets.TCPSocket, incoming::Bool)
   @ Distributed /mnt/netapp2/Home_FT2/home/csic/toq/cph/.julia/juliaup/julia-1.11.1+0.x64.linux.gnu/share/julia/stdlib/v1.11/Distributed/src/process_messages.jl:133
 [9] (::Distributed.var"#103#104"{Sockets.TCPSocket, Sockets.TCPSocket, Bool})()
   @ Distributed /mnt/netapp2/Home_FT2/home/csic/toq/cph/.julia/juliaup/julia-1.11.1+0.x64.linux.gnu/share/julia/stdlib/v1.11/Distributed/src/process_messages.jl:121
UNHANDLED TASK ERROR: EOFError: read end of file
Stacktrace:
 [1] (::Base.var"#wait_locked#832")(s::Sockets.TCPSocket, buf::IOBuffer, nb::Int64)
   @ Base ./stream.jl:970
 [2] unsafe_read(s::Sockets.TCPSocket, p::Ptr{UInt8}, nb::UInt64)
   @ Base ./stream.jl:978
 [3] unsafe_read
   @ ./io.jl:891 [inlined]
 [4] unsafe_read(s::Sockets.TCPSocket, p::Base.RefValue{NTuple{4, Int64}}, n::Int64)
   @ Base ./io.jl:890
 [5] read!
   @ ./io.jl:895 [inlined]
 [6] deserialize_hdr_raw
   @ /mnt/netapp2/Home_FT2/home/csic/toq/cph/.julia/juliaup/julia-1.11.1+0.x64.linux.gnu/share/julia/stdlib/v1.11/Distributed/src/messages.jl:167 [inlined]
 [7] message_handler_loop(r_stream::Sockets.TCPSocket, w_stream::Sockets.TCPSocket, incoming::Bool)
   @ Distributed /mnt/netapp2/Home_FT2/home/csic/toq/cph/.julia/juliaup/julia-1.11.1+0.x64.linux.gnu/share/julia/stdlib/v1.11/Distributed/src/process_messages.jl:172
 [8] process_tcp_streams(r_stream::Sockets.TCPSocket, w_stream::Sockets.TCPSocket, incoming::Bool)
   @ Distributed /mnt/netapp2/Home_FT2/home/csic/toq/cph/.julia/juliaup/julia-1.11.1+0.x64.linux.gnu/share/julia/stdlib/v1.11/Distributed/src/process_messages.jl:133
 [9] (::Distributed.var"#103#104"{Sockets.TCPSocket, Sockets.TCPSocket, Bool})()
   @ Distributed /mnt/netapp2/Home_FT2/home/csic/toq/cph/.julia/juliaup/julia-1.11.1+0.x64.linux.gnu/share/julia/stdlib/v1.11/Distributed/src/process_messages.jl:121
UNHANDLED TASK ERROR: EOFError: read end of file
Stacktrace:
 [1] (::Base.var"#wait_locked#832")(s::Sockets.TCPSocket, buf::IOBuffer, nb::Int64)
   @ Base ./stream.jl:970
 [2] unsafe_read(s::Sockets.TCPSocket, p::Ptr{UInt8}, nb::UInt64)
   @ Base ./stream.jl:978
 [3] unsafe_read
   @ ./io.jl:891 [inlined]
 [4] unsafe_read(s::Sockets.TCPSocket, p::Base.RefValue{NTuple{4, Int64}}, n::Int64)
   @ Base ./io.jl:890
 [5] read!
   @ ./io.jl:895 [inlined]
 [6] deserialize_hdr_raw
   @ /mnt/netapp2/Home_FT2/home/csic/toq/cph/.julia/juliaup/julia-1.11.1+0.x64.linux.gnu/share/julia/stdlib/v1.11/Distributed/src/messages.jl:167 [inlined]
 [7] message_handler_loop(r_stream::Sockets.TCPSocket, w_stream::Sockets.TCPSocket, incoming::Bool)
   @ Distributed /mnt/netapp2/Home_FT2/home/csic/toq/cph/.julia/juliaup/julia-1.11.1+0.x64.linux.gnu/share/julia/stdlib/v1.11/Distributed/src/process_messages.jl:172
 [8] process_tcp_streams(r_stream::Sockets.TCPSocket, w_stream::Sockets.TCPSocket, incoming::Bool)
   @ Distributed /mnt/netapp2/Home_FT2/home/csic/toq/cph/.julia/juliaup/julia-1.11.1+0.x64.linux.gnu/share/julia/stdlib/v1.11/Distributed/src/process_messages.jl:133
 [9] (::Distributed.var"#103#104"{Sockets.TCPSocket, Sockets.TCPSocket, Bool})()
   @ Distributed /mnt/netapp2/Home_FT2/home/csic/toq/cph/.julia/juliaup/julia-1.11.1+0.x64.linux.gnu/share/julia/stdlib/v1.11/Distributed/src/process_messages.jl:121
UNHANDLED TASK ERROR: EOFError: read end of file
Stacktrace:
 [1] (::Base.var"#wait_locked#832")(s::Sockets.TCPSocket, buf::IOBuffer, nb::Int64)
   @ Base ./stream.jl:970
 [2] unsafe_read(s::Sockets.TCPSocket, p::Ptr{UInt8}, nb::UInt64)
   @ Base ./stream.jl:978
 [3] unsafe_read
   @ ./io.jl:891 [inlined]
 [4] unsafe_read(s::Sockets.TCPSocket, p::Base.RefValue{NTuple{4, Int64}}, n::Int64)
   @ Base ./io.jl:890
 [5] read!
   @ ./io.jl:895 [inlined]
 [6] deserialize_hdr_raw
   @ /mnt/netapp2/Home_FT2/home/csic/toq/cph/.julia/juliaup/julia-1.11.1+0.x64.linux.gnu/share/julia/stdlib/v1.11/Distributed/src/messages.jl:167 [inlined]
 [7] message_handler_loop(r_stream::Sockets.TCPSocket, w_stream::Sockets.TCPSocket, incoming::Bool)
   @ Distributed /mnt/netapp2/Home_FT2/home/csic/toq/cph/.julia/juliaup/julia-1.11.1+0.x64.linux.gnu/share/julia/stdlib/v1.11/Distributed/src/process_messages.jl:172
 [8] process_tcp_streams(r_stream::Sockets.TCPSocket, w_stream::Sockets.TCPSocket, incoming::Bool)
   @ Distributed /mnt/netapp2/Home_FT2/home/csic/toq/cph/.julia/juliaup/julia-1.11.1+0.x64.linux.gnu/share/julia/stdlib/v1.11/Distributed/src/process_messages.jl:133
 [9] (::Distributed.var"#103#104"{Sockets.TCPSocket, Sockets.TCPSocket, Bool})()
   @ Distributed /mnt/netapp2/Home_FT2/home/csic/toq/cph/.julia/juliaup/julia-1.11.1+0.x64.linux.gnu/share/julia/stdlib/v1.11/Distributed/src/process_messages.jl:121
UNHANDLED TASK ERROR: EOFError: read end of file
Stacktrace:
 [1] (::Base.var"#wait_locked#832")(s::Sockets.TCPSocket, buf::IOBuffer, nb::Int64)
   @ Base ./stream.jl:970
 [2] unsafe_read(s::Sockets.TCPSocket, p::Ptr{UInt8}, nb::UInt64)
   @ Base ./stream.jl:978
 [3] unsafe_read
   @ ./io.jl:891 [inlined]
 [4] unsafe_read(s::Sockets.TCPSocket, p::Base.RefValue{NTuple{4, Int64}}, n::Int64)
   @ Base ./io.jl:890
 [5] read!
   @ ./io.jl:895 [inlined]
 [6] deserialize_hdr_raw
   @ /mnt/netapp2/Home_FT2/home/csic/toq/cph/.julia/juliaup/julia-1.11.1+0.x64.linux.gnu/share/julia/stdlib/v1.11/Distributed/src/messages.jl:167 [inlined]
 [7] message_handler_loop(r_stream::Sockets.TCPSocket, w_stream::Sockets.TCPSocket, incoming::Bool)
   @ Distributed /mnt/netapp2/Home_FT2/home/csic/toq/cph/.julia/juliaup/julia-1.11.1+0.x64.linux.gnu/share/julia/stdlib/v1.11/Distributed/src/process_messages.jl:172
 [8] process_tcp_streams(r_stream::Sockets.TCPSocket, w_stream::Sockets.TCPSocket, incoming::Bool)
   @ Distributed /mnt/netapp2/Home_FT2/home/csic/toq/cph/.julia/juliaup/julia-1.11.1+0.x64.linux.gnu/share/julia/stdlib/v1.11/Distributed/src/process_messages.jl:133
 [9] (::Distributed.var"#103#104"{Sockets.TCPSocket, Sockets.TCPSocket, Bool})()
   @ Distributed /mnt/netapp2/Home_FT2/home/csic/toq/cph/.julia/juliaup/julia-1.11.1+0.x64.linux.gnu/share/julia/stdlib/v1.11/Distributed/src/process_messages.jl:121
UNHANDLED TASK ERROR: EOFError: read end of file
Stacktrace:
 [1] (::Base.var"#wait_locked#832")(s::Sockets.TCPSocket, buf::IOBuffer, nb::Int64)
   @ Base ./stream.jl:970
 [2] unsafe_read(s::Sockets.TCPSocket, p::Ptr{UInt8}, nb::UInt64)
   @ Base ./stream.jl:978
 [3] unsafe_read
   @ ./io.jl:891 [inlined]
 [4] unsafe_read(s::Sockets.TCPSocket, p::Base.RefValue{NTuple{4, Int64}}, n::Int64)
   @ Base ./io.jl:890
 [5] read!
   @ ./io.jl:895 [inlined]
 [6] deserialize_hdr_raw
   @ /mnt/netapp2/Home_FT2/home/csic/toq/cph/.julia/juliaup/julia-1.11.1+0.x64.linux.gnu/share/julia/stdlib/v1.11/Distributed/src/messages.jl:167 [inlined]
 [7] message_handler_loop(r_stream::Sockets.TCPSocket, w_stream::Sockets.TCPSocket, incoming::Bool)
   @ Distributed /mnt/netapp2/Home_FT2/home/csic/toq/cph/.julia/juliaup/julia-1.11.1+0.x64.linux.gnu/share/julia/stdlib/v1.11/Distributed/src/process_messages.jl:172
 [8] process_tcp_streams(r_stream::Sockets.TCPSocket, w_stream::Sockets.TCPSocket, incoming::Bool)
   @ Distributed /mnt/netapp2/Home_FT2/home/csic/toq/cph/.julia/juliaup/julia-1.11.1+0.x64.linux.gnu/share/julia/stdlib/v1.11/Distributed/src/process_messages.jl:133
 [9] (::Distributed.var"#103#104"{Sockets.TCPSocket, Sockets.TCPSocket, Bool})()
   @ Distributed /mnt/netapp2/Home_FT2/home/csic/toq/cph/.julia/juliaup/julia-1.11.1+0.x64.linux.gnu/share/julia/stdlib/v1.11/Distributed/src/process_messages.jl:121
UNHANDLED TASK ERROR: EOFError: read end of file
Stacktrace:
 [1] (::Base.var"#wait_locked#832")(s::Sockets.TCPSocket, buf::IOBuffer, nb::Int64)
   @ Base ./stream.jl:970
 [2] unsafe_read(s::Sockets.TCPSocket, p::Ptr{UInt8}, nb::UInt64)
   @ Base ./stream.jl:978
 [3] unsafe_read
   @ ./io.jl:891 [inlined]
 [4] unsafe_read(s::Sockets.TCPSocket, p::Base.RefValue{NTuple{4, Int64}}, n::Int64)
   @ Base ./io.jl:890
 [5] read!
   @ ./io.jl:895 [inlined]
 [6] deserialize_hdr_raw
   @ /mnt/netapp2/Home_FT2/home/csic/toq/cph/.julia/juliaup/julia-1.11.1+0.x64.linux.gnu/share/julia/stdlib/v1.11/Distributed/src/messages.jl:167 [inlined]
 [7] message_handler_loop(r_stream::Sockets.TCPSocket, w_stream::Sockets.TCPSocket, incoming::Bool)
   @ Distributed /mnt/netapp2/Home_FT2/home/csic/toq/cph/.julia/juliaup/julia-1.11.1+0.x64.linux.gnu/share/julia/stdlib/v1.11/Distributed/src/process_messages.jl:172
 [8] process_tcp_streams(r_stream::Sockets.TCPSocket, w_stream::Sockets.TCPSocket, incoming::Bool)
   @ Distributed /mnt/netapp2/Home_FT2/home/csic/toq/cph/.julia/juliaup/julia-1.11.1+0.x64.linux.gnu/share/julia/stdlib/v1.11/Distributed/src/process_messages.jl:133
 [9] (::Distributed.var"#103#104"{Sockets.TCPSocket, Sockets.TCPSocket, Bool})()
   @ Distributed /mnt/netapp2/Home_FT2/home/csic/toq/cph/.julia/juliaup/julia-1.11.1+0.x64.linux.gnu/share/julia/stdlib/v1.11/Distributed/src/process_messages.jl:121
UNHANDLED TASK ERROR: EOFError: read end of file
Stacktrace:
 [1] (::Base.var"#wait_locked#832")(s::Sockets.TCPSocket, buf::IOBuffer, nb::Int64)
   @ Base ./stream.jl:970
 [2] unsafe_read(s::Sockets.TCPSocket, p::Ptr{UInt8}, nb::UInt64)
   @ Base ./stream.jl:978
 [3] unsafe_read
   @ ./io.jl:891 [inlined]
 [4] unsafe_read(s::Sockets.TCPSocket, p::Base.RefValue{NTuple{4, Int64}}, n::Int64)
   @ Base ./io.jl:890
 [5] read!
   @ ./io.jl:895 [inlined]
 [6] deserialize_hdr_raw
   @ /mnt/netapp2/Home_FT2/home/csic/toq/cph/.julia/juliaup/julia-1.11.1+0.x64.linux.gnu/share/julia/stdlib/v1.11/Distributed/src/messages.jl:167 [inlined]
 [7] message_handler_loop(r_stream::Sockets.TCPSocket, w_stream::Sockets.TCPSocket, incoming::Bool)
   @ Distributed /mnt/netapp2/Home_FT2/home/csic/toq/cph/.julia/juliaup/julia-1.11.1+0.x64.linux.gnu/share/julia/stdlib/v1.11/Distributed/src/process_messages.jl:172
 [8] process_tcp_streams(r_stream::Sockets.TCPSocket, w_stream::Sockets.TCPSocket, incoming::Bool)
   @ Distributed /mnt/netapp2/Home_FT2/home/csic/toq/cph/.julia/juliaup/julia-1.11.1+0.x64.linux.gnu/share/julia/stdlib/v1.11/Distributed/src/process_messages.jl:133
 [9] (::Distributed.var"#103#104"{Sockets.TCPSocket, Sockets.TCPSocket, Bool})()
   @ Distributed /mnt/netapp2/Home_FT2/home/csic/toq/cph/.julia/juliaup/julia-1.11.1+0.x64.linux.gnu/share/julia/stdlib/v1.11/Distributed/src/process_messages.jl:121
UNHANDLED TASK ERROR: EOFError: read end of file
Stacktrace:
 [1] (::Base.var"#wait_locked#832")(s::Sockets.TCPSocket, buf::IOBuffer, nb::Int64)
   @ Base ./stream.jl:970
 [2] unsafe_read(s::Sockets.TCPSocket, p::Ptr{UInt8}, nb::UInt64)
   @ Base ./stream.jl:978
 [3] unsafe_read
   @ ./io.jl:891 [inlined]
 [4] unsafe_read(s::Sockets.TCPSocket, p::Base.RefValue{NTuple{4, Int64}}, n::Int64)
   @ Base ./io.jl:890
 [5] read!
   @ ./io.jl:895 [inlined]
 [6] deserialize_hdr_raw
   @ /mnt/netapp2/Home_FT2/home/csic/toq/cph/.julia/juliaup/julia-1.11.1+0.x64.linux.gnu/share/julia/stdlib/v1.11/Distributed/src/messages.jl:167 [inlined]
 [7] message_handler_loop(r_stream::Sockets.TCPSocket, w_stream::Sockets.TCPSocket, incoming::Bool)
   @ Distributed /mnt/netapp2/Home_FT2/home/csic/toq/cph/.julia/juliaup/julia-1.11.1+0.x64.linux.gnu/share/julia/stdlib/v1.11/Distributed/src/process_messages.jl:172
 [8] process_tcp_streams(r_stream::Sockets.TCPSocket, w_stream::Sockets.TCPSocket, incoming::Bool)
   @ Distributed /mnt/netapp2/Home_FT2/home/csic/toq/cph/.julia/juliaup/julia-1.11.1+0.x64.linux.gnu/share/julia/stdlib/v1.11/Distributed/src/process_messages.jl:133
 [9] (::Distributed.var"#103#104"{Sockets.TCPSocket, Sockets.TCPSocket, Bool})()
   @ Distributed /mnt/netapp2/Home_FT2/home/csic/toq/cph/.julia/juliaup/julia-1.11.1+0.x64.linux.gnu/share/julia/stdlib/v1.11/Distributed/src/process_messages.jl:121
UNHANDLED TASK ERROR: EOFError: read end of file
Stacktrace:
 [1] (::Base.var"#wait_locked#832")(s::Sockets.TCPSocket, buf::IOBuffer, nb::Int64)
   @ Base ./stream.jl:970
 [2] unsafe_read(s::Sockets.TCPSocket, p::Ptr{UInt8}, nb::UInt64)
   @ Base ./stream.jl:978
 [3] unsafe_read
   @ ./io.jl:891 [inlined]
 [4] unsafe_read(s::Sockets.TCPSocket, p::Base.RefValue{NTuple{4, Int64}}, n::Int64)
   @ Base ./io.jl:890
 [5] read!
   @ ./io.jl:895 [inlined]
 [6] deserialize_hdr_raw
   @ /mnt/netapp2/Home_FT2/home/csic/toq/cph/.julia/juliaup/julia-1.11.1+0.x64.linux.gnu/share/julia/stdlib/v1.11/Distributed/src/messages.jl:167 [inlined]
 [7] message_handler_loop(r_stream::Sockets.TCPSocket, w_stream::Sockets.TCPSocket, incoming::Bool)
   @ Distributed /mnt/netapp2/Home_FT2/home/csic/toq/cph/.julia/juliaup/julia-1.11.1+0.x64.linux.gnu/share/julia/stdlib/v1.11/Distributed/src/process_messages.jl:172
 [8] process_tcp_streams(r_stream::Sockets.TCPSocket, w_stream::Sockets.TCPSocket, incoming::Bool)
   @ Distributed /mnt/netapp2/Home_FT2/home/csic/toq/cph/.julia/juliaup/julia-1.11.1+0.x64.linux.gnu/share/julia/stdlib/v1.11/Distributed/src/process_messages.jl:133
 [9] (::Distributed.var"#103#104"{Sockets.TCPSocket, Sockets.TCPSocket, Bool})()
   @ Distributed /mnt/netapp2/Home_FT2/home/csic/toq/cph/.julia/juliaup/julia-1.11.1+0.x64.linux.gnu/share/julia/stdlib/v1.11/Distributed/src/process_messages.jl:121
UNHANDLED TASK ERROR: EOFError: read end of file
Stacktrace:
 [1] (::Base.var"#wait_locked#832")(s::Sockets.TCPSocket, buf::IOBuffer, nb::Int64)
   @ Base ./stream.jl:970
 [2] unsafe_read(s::Sockets.TCPSocket, p::Ptr{UInt8}, nb::UInt64)
   @ Base ./stream.jl:978
 [3] unsafe_read
   @ ./io.jl:891 [inlined]
 [4] unsafe_read(s::Sockets.TCPSocket, p::Base.RefValue{NTuple{4, Int64}}, n::Int64)
   @ Base ./io.jl:890
 [5] read!
   @ ./io.jl:895 [inlined]
 [6] deserialize_hdr_raw
   @ /mnt/netapp2/Home_FT2/home/csic/toq/cph/.julia/juliaup/julia-1.11.1+0.x64.linux.gnu/share/julia/stdlib/v1.11/Distributed/src/messages.jl:167 [inlined]
 [7] message_handler_loop(r_stream::Sockets.TCPSocket, w_stream::Sockets.TCPSocket, incoming::Bool)
   @ Distributed /mnt/netapp2/Home_FT2/home/csic/toq/cph/.julia/juliaup/julia-1.11.1+0.x64.linux.gnu/share/julia/stdlib/v1.11/Distributed/src/process_messages.jl:172
 [8] process_tcp_streams(r_stream::Sockets.TCPSocket, w_stream::Sockets.TCPSocket, incoming::Bool)
   @ Distributed /mnt/netapp2/Home_FT2/home/csic/toq/cph/.julia/juliaup/julia-1.11.1+0.x64.linux.gnu/share/julia/stdlib/v1.11/Distributed/src/process_messages.jl:133
 [9] (::Distributed.var"#103#104"{Sockets.TCPSocket, Sockets.TCPSocket, Bool})()
   @ Distributed /mnt/netapp2/Home_FT2/home/csic/toq/cph/.julia/juliaup/julia-1.11.1+0.x64.linux.gnu/share/julia/stdlib/v1.11/Distributed/src/process_messages.jl:121
UNHANDLED TASK ERROR: EOFError: read end of file
Stacktrace:
 [1] (::Base.var"#wait_locked#832")(s::Sockets.TCPSocket, buf::IOBuffer, nb::Int64)
   @ Base ./stream.jl:970
 [2] unsafe_read(s::Sockets.TCPSocket, p::Ptr{UInt8}, nb::UInt64)
   @ Base ./stream.jl:978
 [3] unsafe_read
   @ ./io.jl:891 [inlined]
 [4] unsafe_read(s::Sockets.TCPSocket, p::Base.RefValue{NTuple{4, Int64}}, n::Int64)
   @ Base ./io.jl:890
 [5] read!
   @ ./io.jl:895 [inlined]
 [6] deserialize_hdr_raw
   @ /mnt/netapp2/Home_FT2/home/csic/toq/cph/.julia/juliaup/julia-1.11.1+0.x64.linux.gnu/share/julia/stdlib/v1.11/Distributed/src/messages.jl:167 [inlined]
 [7] message_handler_loop(r_stream::Sockets.TCPSocket, w_stream::Sockets.TCPSocket, incoming::Bool)
   @ Distributed /mnt/netapp2/Home_FT2/home/csic/toq/cph/.julia/juliaup/julia-1.11.1+0.x64.linux.gnu/share/julia/stdlib/v1.11/Distributed/src/process_messages.jl:172
 [8] process_tcp_streams(r_stream::Sockets.TCPSocket, w_stream::Sockets.TCPSocket, incoming::Bool)
   @ Distributed /mnt/netapp2/Home_FT2/home/csic/toq/cph/.julia/juliaup/julia-1.11.1+0.x64.linux.gnu/share/julia/stdlib/v1.11/Distributed/src/process_messages.jl:133
 [9] (::Distributed.var"#103#104"{Sockets.TCPSocket, Sockets.TCPSocket, Bool})()
   @ Distributed /mnt/netapp2/Home_FT2/home/csic/toq/cph/.julia/juliaup/julia-1.11.1+0.x64.linux.gnu/share/julia/stdlib/v1.11/Distributed/src/process_messages.jl:121
UNHANDLED TASK ERROR: EOFError: read end of file
Stacktrace:
 [1] (::Base.var"#wait_locked#832")(s::Sockets.TCPSocket, buf::IOBuffer, nb::Int64)
   @ Base ./stream.jl:970
 [2] unsafe_read(s::Sockets.TCPSocket, p::Ptr{UInt8}, nb::UInt64)
   @ Base ./stream.jl:978
 [3] unsafe_read
   @ ./io.jl:891 [inlined]
 [4] unsafe_read(s::Sockets.TCPSocket, p::Base.RefValue{NTuple{4, Int64}}, n::Int64)
   @ Base ./io.jl:890
 [5] read!
   @ ./io.jl:895 [inlined]
 [6] deserialize_hdr_raw
   @ /mnt/netapp2/Home_FT2/home/csic/toq/cph/.julia/juliaup/julia-1.11.1+0.x64.linux.gnu/share/julia/stdlib/v1.11/Distributed/src/messages.jl:167 [inlined]
 [7] message_handler_loop(r_stream::Sockets.TCPSocket, w_stream::Sockets.TCPSocket, incoming::Bool)
   @ Distributed /mnt/netapp2/Home_FT2/home/csic/toq/cph/.julia/juliaup/julia-1.11.1+0.x64.linux.gnu/share/julia/stdlib/v1.11/Distributed/src/process_messages.jl:172
 [8] process_tcp_streams(r_stream::Sockets.TCPSocket, w_stream::Sockets.TCPSocket, incoming::Bool)
   @ Distributed /mnt/netapp2/Home_FT2/home/csic/toq/cph/.julia/juliaup/julia-1.11.1+0.x64.linux.gnu/share/julia/stdlib/v1.11/Distributed/src/process_messages.jl:133
 [9] (::Distributed.var"#103#104"{Sockets.TCPSocket, Sockets.TCPSocket, Bool})()
   @ Distributed /mnt/netapp2/Home_FT2/home/csic/toq/cph/.julia/juliaup/julia-1.11.1+0.x64.linux.gnu/share/julia/stdlib/v1.11/Distributed/src/process_messages.jl:121
UNHANDLED TASK ERROR: EOFError: read end of file
Stacktrace:
 [1] (::Base.var"#wait_locked#832")(s::Sockets.TCPSocket, buf::IOBuffer, nb::Int64)
   @ Base ./stream.jl:970
 [2] unsafe_read(s::Sockets.TCPSocket, p::Ptr{UInt8}, nb::UInt64)
   @ Base ./stream.jl:978
 [3] unsafe_read
   @ ./io.jl:891 [inlined]
 [4] unsafe_read(s::Sockets.TCPSocket, p::Base.RefValue{NTuple{4, Int64}}, n::Int64)
   @ Base ./io.jl:890
 [5] read!
   @ ./io.jl:895 [inlined]
 [6] deserialize_hdr_raw
   @ /mnt/netapp2/Home_FT2/home/csic/toq/cph/.julia/juliaup/julia-1.11.1+0.x64.linux.gnu/share/julia/stdlib/v1.11/Distributed/src/messages.jl:167 [inlined]
 [7] message_handler_loop(r_stream::Sockets.TCPSocket, w_stream::Sockets.TCPSocket, incoming::Bool)
   @ Distributed /mnt/netapp2/Home_FT2/home/csic/toq/cph/.julia/juliaup/julia-1.11.1+0.x64.linux.gnu/share/julia/stdlib/v1.11/Distributed/src/process_messages.jl:172
 [8] process_tcp_streams(r_stream::Sockets.TCPSocket, w_stream::Sockets.TCPSocket, incoming::Bool)
   @ Distributed /mnt/netapp2/Home_FT2/home/csic/toq/cph/.julia/juliaup/julia-1.11.1+0.x64.linux.gnu/share/julia/stdlib/v1.11/Distributed/src/process_messages.jl:133
 [9] (::Distributed.var"#103#104"{Sockets.TCPSocket, Sockets.TCPSocket, Bool})()
   @ Distributed /mnt/netapp2/Home_FT2/home/csic/toq/cph/.julia/juliaup/julia-1.11.1+0.x64.linux.gnu/share/julia/stdlib/v1.11/Distributed/src/process_messages.jl:121
UNHANDLED TASK ERROR: EOFError: read end of file
Stacktrace:
 [1] (::Base.var"#wait_locked#832")(s::Sockets.TCPSocket, buf::IOBuffer, nb::Int64)
   @ Base ./stream.jl:970
 [2] unsafe_read(s::Sockets.TCPSocket, p::Ptr{UInt8}, nb::UInt64)
   @ Base ./stream.jl:978
 [3] unsafe_read
   @ ./io.jl:891 [inlined]
 [4] unsafe_read(s::Sockets.TCPSocket, p::Base.RefValue{NTuple{4, Int64}}, n::Int64)
   @ Base ./io.jl:890
 [5] read!
   @ ./io.jl:895 [inlined]
 [6] deserialize_hdr_raw
   @ /mnt/netapp2/Home_FT2/home/csic/toq/cph/.julia/juliaup/julia-1.11.1+0.x64.linux.gnu/share/julia/stdlib/v1.11/Distributed/src/messages.jl:167 [inlined]
 [7] message_handler_loop(r_stream::Sockets.TCPSocket, w_stream::Sockets.TCPSocket, incoming::Bool)
   @ Distributed /mnt/netapp2/Home_FT2/home/csic/toq/cph/.julia/juliaup/julia-1.11.1+0.x64.linux.gnu/share/julia/stdlib/v1.11/Distributed/src/process_messages.jl:172
 [8] process_tcp_streams(r_stream::Sockets.TCPSocket, w_stream::Sockets.TCPSocket, incoming::Bool)
   @ Distributed /mnt/netapp2/Home_FT2/home/csic/toq/cph/.julia/juliaup/julia-1.11.1+0.x64.linux.gnu/share/julia/stdlib/v1.11/Distributed/src/process_messages.jl:133
 [9] (::Distributed.var"#103#104"{Sockets.TCPSocket, Sockets.TCPSocket, Bool})()
   @ Distributed /mnt/netapp2/Home_FT2/home/csic/toq/cph/.julia/juliaup/julia-1.11.1+0.x64.linux.gnu/share/julia/stdlib/v1.11/Distributed/src/process_messages.jl:121
UNHANDLED TASK ERROR: Version read failed. Connection closed by peer.
Stacktrace:
 [1] error(s::String)
   @ Base ./error.jl:35
 [2] process_hdr(s::Sockets.TCPSocket, validate_cookie::Bool)
   @ Distributed /mnt/netapp2/Home_FT2/home/csic/toq/cph/.julia/juliaup/julia-1.11.1+0.x64.linux.gnu/share/julia/stdlib/v1.11/Distributed/src/process_messages.jl:276
 [3] message_handler_loop(r_stream::Sockets.TCPSocket, w_stream::Sockets.TCPSocket, incoming::Bool)
   @ Distributed /mnt/netapp2/Home_FT2/home/csic/toq/cph/.julia/juliaup/julia-1.11.1+0.x64.linux.gnu/share/julia/stdlib/v1.11/Distributed/src/process_messages.jl:158
 [4] process_tcp_streams(r_stream::Sockets.TCPSocket, w_stream::Sockets.TCPSocket, incoming::Bool)
   @ Distributed /mnt/netapp2/Home_FT2/home/csic/toq/cph/.julia/juliaup/julia-1.11.1+0.x64.linux.gnu/share/julia/stdlib/v1.11/Distributed/src/process_messages.jl:133
 [5] (::Distributed.var"#103#104"{Sockets.TCPSocket, Sockets.TCPSocket, Bool})()
   @ Distributed /mnt/netapp2/Home_FT2/home/csic/toq/cph/.julia/juliaup/julia-1.11.1+0.x64.linux.gnu/share/julia/stdlib/v1.11/Distributed/src/process_messages.jl:121
UNHANDLED TASK ERROR: EOFError: read end of file
Stacktrace:
 [1] (::Base.var"#wait_locked#832")(s::Sockets.TCPSocket, buf::IOBuffer, nb::Int64)
   @ Base ./stream.jl:970
 [2] unsafe_read(s::Sockets.TCPSocket, p::Ptr{UInt8}, nb::UInt64)
   @ Base ./stream.jl:978
 [3] unsafe_read
   @ ./io.jl:891 [inlined]
 [4] unsafe_read(s::Sockets.TCPSocket, p::Base.RefValue{NTuple{4, Int64}}, n::Int64)
   @ Base ./io.jl:890
 [5] read!
   @ ./io.jl:895 [inlined]
 [6] deserialize_hdr_raw
   @ /mnt/netapp2/Home_FT2/home/csic/toq/cph/.julia/juliaup/julia-1.11.1+0.x64.linux.gnu/share/julia/stdlib/v1.11/Distributed/src/messages.jl:167 [inlined]
 [7] message_handler_loop(r_stream::Sockets.TCPSocket, w_stream::Sockets.TCPSocket, incoming::Bool)
   @ Distributed /mnt/netapp2/Home_FT2/home/csic/toq/cph/.julia/juliaup/julia-1.11.1+0.x64.linux.gnu/share/julia/stdlib/v1.11/Distributed/src/process_messages.jl:172
 [8] process_tcp_streams(r_stream::Sockets.TCPSocket, w_stream::Sockets.TCPSocket, incoming::Bool)
   @ Distributed /mnt/netapp2/Home_FT2/home/csic/toq/cph/.julia/juliaup/julia-1.11.1+0.x64.linux.gnu/share/julia/stdlib/v1.11/Distributed/src/process_messages.jl:133
 [9] (::Distributed.var"#103#104"{Sockets.TCPSocket, Sockets.TCPSocket, Bool})()
   @ Distributed /mnt/netapp2/Home_FT2/home/csic/toq/cph/.julia/juliaup/julia-1.11.1+0.x64.linux.gnu/share/julia/stdlib/v1.11/Distributed/src/process_messages.jl:121
UNHANDLED TASK ERROR: Version read failed. Connection closed by peer.
Stacktrace:
 [1] error(s::String)
   @ Base ./error.jl:35
 [2] process_hdr(s::Sockets.TCPSocket, validate_cookie::Bool)
   @ Distributed /mnt/netapp2/Home_FT2/home/csic/toq/cph/.julia/juliaup/julia-1.11.1+0.x64.linux.gnu/share/julia/stdlib/v1.11/Distributed/src/process_messages.jl:276
 [3] message_handler_loop(r_stream::Sockets.TCPSocket, w_stream::Sockets.TCPSocket, incoming::Bool)
   @ Distributed /mnt/netapp2/Home_FT2/home/csic/toq/cph/.julia/juliaup/julia-1.11.1+0.x64.linux.gnu/share/julia/stdlib/v1.11/Distributed/src/process_messages.jl:158
 [4] process_tcp_streams(r_stream::Sockets.TCPSocket, w_stream::Sockets.TCPSocket, incoming::Bool)
   @ Distributed /mnt/netapp2/Home_FT2/home/csic/toq/cph/.julia/juliaup/julia-1.11.1+0.x64.linux.gnu/share/julia/stdlib/v1.11/Distributed/src/process_messages.jl:133
 [5] (::Distributed.var"#103#104"{Sockets.TCPSocket, Sockets.TCPSocket, Bool})()
   @ Distributed /mnt/netapp2/Home_FT2/home/csic/toq/cph/.julia/juliaup/julia-1.11.1+0.x64.linux.gnu/share/julia/stdlib/v1.11/Distributed/src/process_messages.jl:121
UNHANDLED TASK ERROR: Version read failed. Connection closed by peer.
Stacktrace:
 [1] error(s::String)
   @ Base ./error.jl:35
 [2] process_hdr(s::Sockets.TCPSocket, validate_cookie::Bool)
   @ Distributed /mnt/netapp2/Home_FT2/home/csic/toq/cph/.julia/juliaup/julia-1.11.1+0.x64.linux.gnu/share/julia/stdlib/v1.11/Distributed/src/process_messages.jl:276
 [3] message_handler_loop(r_stream::Sockets.TCPSocket, w_stream::Sockets.TCPSocket, incoming::Bool)
   @ Distributed /mnt/netapp2/Home_FT2/home/csic/toq/cph/.julia/juliaup/julia-1.11.1+0.x64.linux.gnu/share/julia/stdlib/v1.11/Distributed/src/process_messages.jl:158
 [4] process_tcp_streams(r_stream::Sockets.TCPSocket, w_stream::Sockets.TCPSocket, incoming::Bool)
   @ Distributed /mnt/netapp2/Home_FT2/home/csic/toq/cph/.julia/juliaup/julia-1.11.1+0.x64.linux.gnu/share/julia/stdlib/v1.11/Distributed/src/process_messages.jl:133
 [5] (::Distributed.var"#103#104"{Sockets.TCPSocket, Sockets.TCPSocket, Bool})()
   @ Distributed /mnt/netapp2/Home_FT2/home/csic/toq/cph/.julia/juliaup/julia-1.11.1+0.x64.linux.gnu/share/julia/stdlib/v1.11/Distributed/src/process_messages.jl:121
UNHANDLED TASK ERROR: Version read failed. Connection closed by peer.
Stacktrace:
 [1] error(s::String)
   @ Base ./error.jl:35
 [2] process_hdr(s::Sockets.TCPSocket, validate_cookie::Bool)
   @ Distributed /mnt/netapp2/Home_FT2/home/csic/toq/cph/.julia/juliaup/julia-1.11.1+0.x64.linux.gnu/share/julia/stdlib/v1.11/Distributed/src/process_messages.jl:276
 [3] message_handler_loop(r_stream::Sockets.TCPSocket, w_stream::Sockets.TCPSocket, incoming::Bool)
   @ Distributed /mnt/netapp2/Home_FT2/home/csic/toq/cph/.julia/juliaup/julia-1.11.1+0.x64.linux.gnu/share/julia/stdlib/v1.11/Distributed/src/process_messages.jl:158
 [4] process_tcp_streams(r_stream::Sockets.TCPSocket, w_stream::Sockets.TCPSocket, incoming::Bool)
   @ Distributed /mnt/netapp2/Home_FT2/home/csic/toq/cph/.julia/juliaup/julia-1.11.1+0.x64.linux.gnu/share/julia/stdlib/v1.11/Distributed/src/process_messages.jl:133
 [5] (::Distributed.var"#103#104"{Sockets.TCPSocket, Sockets.TCPSocket, Bool})()
   @ Distributed /mnt/netapp2/Home_FT2/home/csic/toq/cph/.julia/juliaup/julia-1.11.1+0.x64.linux.gnu/share/julia/stdlib/v1.11/Distributed/src/process_messages.jl:121
UNHANDLED TASK ERROR: Version read failed. Connection closed by peer.
Stacktrace:
 [1] error(s::String)
   @ Base ./error.jl:35
 [2] process_hdr(s::Sockets.TCPSocket, validate_cookie::Bool)
   @ Distributed /mnt/netapp2/Home_FT2/home/csic/toq/cph/.julia/juliaup/julia-1.11.1+0.x64.linux.gnu/share/julia/stdlib/v1.11/Distributed/src/process_messages.jl:276
 [3] message_handler_loop(r_stream::Sockets.TCPSocket, w_stream::Sockets.TCPSocket, incoming::Bool)
   @ Distributed /mnt/netapp2/Home_FT2/home/csic/toq/cph/.julia/juliaup/julia-1.11.1+0.x64.linux.gnu/share/julia/stdlib/v1.11/Distributed/src/process_messages.jl:158
 [4] process_tcp_streams(r_stream::Sockets.TCPSocket, w_stream::Sockets.TCPSocket, incoming::Bool)
   @ Distributed /mnt/netapp2/Home_FT2/home/csic/toq/cph/.julia/juliaup/julia-1.11.1+0.x64.linux.gnu/share/julia/stdlib/v1.11/Distributed/src/process_messages.jl:133
 [5] (::Distributed.var"#103#104"{Sockets.TCPSocket, Sockets.TCPSocket, Bool})()
   @ Distributed /mnt/netapp2/Home_FT2/home/csic/toq/cph/.julia/juliaup/julia-1.11.1+0.x64.linux.gnu/share/julia/stdlib/v1.11/Distributed/src/process_messages.jl:121
UNHANDLED TASK ERROR: Version read failed. Connection closed by peer.
Stacktrace:
 [1] error(s::String)
   @ Base ./error.jl:35
 [2] process_hdr(s::Sockets.TCPSocket, validate_cookie::Bool)
   @ Distributed /mnt/netapp2/Home_FT2/home/csic/toq/cph/.julia/juliaup/julia-1.11.1+0.x64.linux.gnu/share/julia/stdlib/v1.11/Distributed/src/process_messages.jl:276
 [3] message_handler_loop(r_stream::Sockets.TCPSocket, w_stream::Sockets.TCPSocket, incoming::Bool)
   @ Distributed /mnt/netapp2/Home_FT2/home/csic/toq/cph/.julia/juliaup/julia-1.11.1+0.x64.linux.gnu/share/julia/stdlib/v1.11/Distributed/src/process_messages.jl:158
 [4] process_tcp_streams(r_stream::Sockets.TCPSocket, w_stream::Sockets.TCPSocket, incoming::Bool)
   @ Distributed /mnt/netapp2/Home_FT2/home/csic/toq/cph/.julia/juliaup/julia-1.11.1+0.x64.linux.gnu/share/julia/stdlib/v1.11/Distributed/src/process_messages.jl:133
 [5] (::Distributed.var"#103#104"{Sockets.TCPSocket, Sockets.TCPSocket, Bool})()
   @ Distributed /mnt/netapp2/Home_FT2/home/csic/toq/cph/.julia/juliaup/julia-1.11.1+0.x64.linux.gnu/share/julia/stdlib/v1.11/Distributed/src/process_messages.jl:121
UNHANDLED TASK ERROR: Version read failed. Connection closed by peer.
Stacktrace:
 [1] error(s::String)
   @ Base ./error.jl:35
 [2] process_hdr(s::Sockets.TCPSocket, validate_cookie::Bool)
   @ Distributed /mnt/netapp2/Home_FT2/home/csic/toq/cph/.julia/juliaup/julia-1.11.1+0.x64.linux.gnu/share/julia/stdlib/v1.11/Distributed/src/process_messages.jl:276
 [3] message_handler_loop(r_stream::Sockets.TCPSocket, w_stream::Sockets.TCPSocket, incoming::Bool)
   @ Distributed /mnt/netapp2/Home_FT2/home/csic/toq/cph/.julia/juliaup/julia-1.11.1+0.x64.linux.gnu/share/julia/stdlib/v1.11/Distributed/src/process_messages.jl:158
 [4] process_tcp_streams(r_stream::Sockets.TCPSocket, w_stream::Sockets.TCPSocket, incoming::Bool)
   @ Distributed /mnt/netapp2/Home_FT2/home/csic/toq/cph/.julia/juliaup/julia-1.11.1+0.x64.linux.gnu/share/julia/stdlib/v1.11/Distributed/src/process_messages.jl:133
 [5] (::Distributed.var"#103#104"{Sockets.TCPSocket, Sockets.TCPSocket, Bool})()
   @ Distributed /mnt/netapp2/Home_FT2/home/csic/toq/cph/.julia/juliaup/julia-1.11.1+0.x64.linux.gnu/share/julia/stdlib/v1.11/Distributed/src/process_messages.jl:121
UNHANDLED TASK ERROR: Version read failed. Connection closed by peer.
Stacktrace:
 [1] error(s::String)
   @ Base ./error.jl:35
 [2] process_hdr(s::Sockets.TCPSocket, validate_cookie::Bool)
   @ Distributed /mnt/netapp2/Home_FT2/home/csic/toq/cph/.julia/juliaup/julia-1.11.1+0.x64.linux.gnu/share/julia/stdlib/v1.11/Distributed/src/process_messages.jl:276
 [3] message_handler_loop(r_stream::Sockets.TCPSocket, w_stream::Sockets.TCPSocket, incoming::Bool)
   @ Distributed /mnt/netapp2/Home_FT2/home/csic/toq/cph/.julia/juliaup/julia-1.11.1+0.x64.linux.gnu/share/julia/stdlib/v1.11/Distributed/src/process_messages.jl:158
 [4] process_tcp_streams(r_stream::Sockets.TCPSocket, w_stream::Sockets.TCPSocket, incoming::Bool)
   @ Distributed /mnt/netapp2/Home_FT2/home/csic/toq/cph/.julia/juliaup/julia-1.11.1+0.x64.linux.gnu/share/julia/stdlib/v1.11/Distributed/src/process_messages.jl:133
 [5] (::Distributed.var"#103#104"{Sockets.TCPSocket, Sockets.TCPSocket, Bool})()
   @ Distributed /mnt/netapp2/Home_FT2/home/csic/toq/cph/.julia/juliaup/julia-1.11.1+0.x64.linux.gnu/share/julia/stdlib/v1.11/Distributed/src/process_messages.jl:121
UNHANDLED TASK ERROR: Version read failed. Connection closed by peer.
Stacktrace:
 [1] error(s::String)
   @ Base ./error.jl:35
 [2] process_hdr(s::Sockets.TCPSocket, validate_cookie::Bool)
   @ Distributed /mnt/netapp2/Home_FT2/home/csic/toq/cph/.julia/juliaup/julia-1.11.1+0.x64.linux.gnu/share/julia/stdlib/v1.11/Distributed/src/process_messages.jl:276
 [3] message_handler_loop(r_stream::Sockets.TCPSocket, w_stream::Sockets.TCPSocket, incoming::Bool)
   @ Distributed /mnt/netapp2/Home_FT2/home/csic/toq/cph/.julia/juliaup/julia-1.11.1+0.x64.linux.gnu/share/julia/stdlib/v1.11/Distributed/src/process_messages.jl:158
 [4] process_tcp_streams(r_stream::Sockets.TCPSocket, w_stream::Sockets.TCPSocket, incoming::Bool)
   @ Distributed /mnt/netapp2/Home_FT2/home/csic/toq/cph/.julia/juliaup/julia-1.11.1+0.x64.linux.gnu/share/julia/stdlib/v1.11/Distributed/src/process_messages.jl:133
 [5] (::Distributed.var"#103#104"{Sockets.TCPSocket, Sockets.TCPSocket, Bool})()
   @ Distributed /mnt/netapp2/Home_FT2/home/csic/toq/cph/.julia/juliaup/julia-1.11.1+0.x64.linux.gnu/share/julia/stdlib/v1.11/Distributed/src/process_messages.jl:121
UNHANDLED TASK ERROR: Version read failed. Connection closed by peer.
Stacktrace:
 [1] error(s::String)
   @ Base ./error.jl:35
 [2] process_hdr(s::Sockets.TCPSocket, validate_cookie::Bool)
   @ Distributed /mnt/netapp2/Home_FT2/home/csic/toq/cph/.julia/juliaup/julia-1.11.1+0.x64.linux.gnu/share/julia/stdlib/v1.11/Distributed/src/process_messages.jl:276
 [3] message_handler_loop(r_stream::Sockets.TCPSocket, w_stream::Sockets.TCPSocket, incoming::Bool)
   @ Distributed /mnt/netapp2/Home_FT2/home/csic/toq/cph/.julia/juliaup/julia-1.11.1+0.x64.linux.gnu/share/julia/stdlib/v1.11/Distributed/src/process_messages.jl:158
 [4] process_tcp_streams(r_stream::Sockets.TCPSocket, w_stream::Sockets.TCPSocket, incoming::Bool)
   @ Distributed /mnt/netapp2/Home_FT2/home/csic/toq/cph/.julia/juliaup/julia-1.11.1+0.x64.linux.gnu/share/julia/stdlib/v1.11/Distributed/src/process_messages.jl:133
 [5] (::Distributed.var"#103#104"{Sockets.TCPSocket, Sockets.TCPSocket, Bool})()
   @ Distributed /mnt/netapp2/Home_FT2/home/csic/toq/cph/.julia/juliaup/julia-1.11.1+0.x64.linux.gnu/share/julia/stdlib/v1.11/Distributed/src/process_messages.jl:121
UNHANDLED TASK ERROR: Version read failed. Connection closed by peer.
Stacktrace:
 [1] error(s::String)
   @ Base ./error.jl:35
 [2] process_hdr(s::Sockets.TCPSocket, validate_cookie::Bool)
   @ Distributed /mnt/netapp2/Home_FT2/home/csic/toq/cph/.julia/juliaup/julia-1.11.1+0.x64.linux.gnu/share/julia/stdlib/v1.11/Distributed/src/process_messages.jl:276
 [3] message_handler_loop(r_stream::Sockets.TCPSocket, w_stream::Sockets.TCPSocket, incoming::Bool)
   @ Distributed /mnt/netapp2/Home_FT2/home/csic/toq/cph/.julia/juliaup/julia-1.11.1+0.x64.linux.gnu/share/julia/stdlib/v1.11/Distributed/src/process_messages.jl:158
 [4] process_tcp_streams(r_stream::Sockets.TCPSocket, w_stream::Sockets.TCPSocket, incoming::Bool)
   @ Distributed /mnt/netapp2/Home_FT2/home/csic/toq/cph/.julia/juliaup/julia-1.11.1+0.x64.linux.gnu/share/julia/stdlib/v1.11/Distributed/src/process_messages.jl:133
 [5] (::Distributed.var"#103#104"{Sockets.TCPSocket, Sockets.TCPSocket, Bool})()
   @ Distributed /mnt/netapp2/Home_FT2/home/csic/toq/cph/.julia/juliaup/julia-1.11.1+0.x64.linux.gnu/share/julia/stdlib/v1.11/Distributed/src/process_messages.jl:121
UNHANDLED TASK ERROR: Version read failed. Connection closed by peer.
Stacktrace:
 [1] error(s::String)
   @ Base ./error.jl:35
 [2] process_hdr(s::Sockets.TCPSocket, validate_cookie::Bool)
   @ Distributed /mnt/netapp2/Home_FT2/home/csic/toq/cph/.julia/juliaup/julia-1.11.1+0.x64.linux.gnu/share/julia/stdlib/v1.11/Distributed/src/process_messages.jl:276
 [3] message_handler_loop(r_stream::Sockets.TCPSocket, w_stream::Sockets.TCPSocket, incoming::Bool)
   @ Distributed /mnt/netapp2/Home_FT2/home/csic/toq/cph/.julia/juliaup/julia-1.11.1+0.x64.linux.gnu/share/julia/stdlib/v1.11/Distributed/src/process_messages.jl:158
 [4] process_tcp_streams(r_stream::Sockets.TCPSocket, w_stream::Sockets.TCPSocket, incoming::Bool)
   @ Distributed /mnt/netapp2/Home_FT2/home/csic/toq/cph/.julia/juliaup/julia-1.11.1+0.x64.linux.gnu/share/julia/stdlib/v1.11/Distributed/src/process_messages.jl:133
 [5] (::Distributed.var"#103#104"{Sockets.TCPSocket, Sockets.TCPSocket, Bool})()
   @ Distributed /mnt/netapp2/Home_FT2/home/csic/toq/cph/.julia/juliaup/julia-1.11.1+0.x64.linux.gnu/share/julia/stdlib/v1.11/Distributed/src/process_messages.jl:121
UNHANDLED TASK ERROR: Version read failed. Connection closed by peer.
Stacktrace:
 [1] error(s::String)
   @ Base ./error.jl:35
 [2] process_hdr(s::Sockets.TCPSocket, validate_cookie::Bool)
   @ Distributed /mnt/netapp2/Home_FT2/home/csic/toq/cph/.julia/juliaup/julia-1.11.1+0.x64.linux.gnu/share/julia/stdlib/v1.11/Distributed/src/process_messages.jl:276
 [3] message_handler_loop(r_stream::Sockets.TCPSocket, w_stream::Sockets.TCPSocket, incoming::Bool)
   @ Distributed /mnt/netapp2/Home_FT2/home/csic/toq/cph/.julia/juliaup/julia-1.11.1+0.x64.linux.gnu/share/julia/stdlib/v1.11/Distributed/src/process_messages.jl:158
 [4] process_tcp_streams(r_stream::Sockets.TCPSocket, w_stream::Sockets.TCPSocket, incoming::Bool)
   @ Distributed /mnt/netapp2/Home_FT2/home/csic/toq/cph/.julia/juliaup/julia-1.11.1+0.x64.linux.gnu/share/julia/stdlib/v1.11/Distributed/src/process_messages.jl:133
 [5] (::Distributed.var"#103#104"{Sockets.TCPSocket, Sockets.TCPSocket, Bool})()
   @ Distributed /mnt/netapp2/Home_FT2/home/csic/toq/cph/.julia/juliaup/julia-1.11.1+0.x64.linux.gnu/share/julia/stdlib/v1.11/Distributed/src/process_messages.jl:121
UNHANDLED TASK ERROR: Version read failed. Connection closed by peer.
Stacktrace:
 [1] error(s::String)
   @ Base ./error.jl:35
 [2] process_hdr(s::Sockets.TCPSocket, validate_cookie::Bool)
   @ Distributed /mnt/netapp2/Home_FT2/home/csic/toq/cph/.julia/juliaup/julia-1.11.1+0.x64.linux.gnu/share/julia/stdlib/v1.11/Distributed/src/process_messages.jl:276
 [3] message_handler_loop(r_stream::Sockets.TCPSocket, w_stream::Sockets.TCPSocket, incoming::Bool)
   @ Distributed /mnt/netapp2/Home_FT2/home/csic/toq/cph/.julia/juliaup/julia-1.11.1+0.x64.linux.gnu/share/julia/stdlib/v1.11/Distributed/src/process_messages.jl:158
 [4] process_tcp_streams(r_stream::Sockets.TCPSocket, w_stream::Sockets.TCPSocket, incoming::Bool)
   @ Distributed /mnt/netapp2/Home_FT2/home/csic/toq/cph/.julia/juliaup/julia-1.11.1+0.x64.linux.gnu/share/julia/stdlib/v1.11/Distributed/src/process_messages.jl:133
 [5] (::Distributed.var"#103#104"{Sockets.TCPSocket, Sockets.TCPSocket, Bool})()
   @ Distributed /mnt/netapp2/Home_FT2/home/csic/toq/cph/.julia/juliaup/julia-1.11.1+0.x64.linux.gnu/share/julia/stdlib/v1.11/Distributed/src/process_messages.jl:121
UNHANDLED TASK ERROR: Version read failed. Connection closed by peer.
Stacktrace:
 [1] error(s::String)
   @ Base ./error.jl:35
 [2] process_hdr(s::Sockets.TCPSocket, validate_cookie::Bool)
   @ Distributed /mnt/netapp2/Home_FT2/home/csic/toq/cph/.julia/juliaup/julia-1.11.1+0.x64.linux.gnu/share/julia/stdlib/v1.11/Distributed/src/process_messages.jl:276
 [3] message_handler_loop(r_stream::Sockets.TCPSocket, w_stream::Sockets.TCPSocket, incoming::Bool)
   @ Distributed /mnt/netapp2/Home_FT2/home/csic/toq/cph/.julia/juliaup/julia-1.11.1+0.x64.linux.gnu/share/julia/stdlib/v1.11/Distributed/src/process_messages.jl:158
 [4] process_tcp_streams(r_stream::Sockets.TCPSocket, w_stream::Sockets.TCPSocket, incoming::Bool)
   @ Distributed /mnt/netapp2/Home_FT2/home/csic/toq/cph/.julia/juliaup/julia-1.11.1+0.x64.linux.gnu/share/julia/stdlib/v1.11/Distributed/src/process_messages.jl:133
 [5] (::Distributed.var"#103#104"{Sockets.TCPSocket, Sockets.TCPSocket, Bool})()
   @ Distributed /mnt/netapp2/Home_FT2/home/csic/toq/cph/.julia/juliaup/julia-1.11.1+0.x64.linux.gnu/share/julia/stdlib/v1.11/Distributed/src/process_messages.jl:121
UNHANDLED TASK ERROR: Version read failed. Connection closed by peer.
Stacktrace:
 [1] error(s::String)
   @ Base ./error.jl:35
 [2] process_hdr(s::Sockets.TCPSocket, validate_cookie::Bool)
   @ Distributed /mnt/netapp2/Home_FT2/home/csic/toq/cph/.julia/juliaup/julia-1.11.1+0.x64.linux.gnu/share/julia/stdlib/v1.11/Distributed/src/process_messages.jl:276
 [3] message_handler_loop(r_stream::Sockets.TCPSocket, w_stream::Sockets.TCPSocket, incoming::Bool)
   @ Distributed /mnt/netapp2/Home_FT2/home/csic/toq/cph/.julia/juliaup/julia-1.11.1+0.x64.linux.gnu/share/julia/stdlib/v1.11/Distributed/src/process_messages.jl:158
 [4] process_tcp_streams(r_stream::Sockets.TCPSocket, w_stream::Sockets.TCPSocket, incoming::Bool)
   @ Distributed /mnt/netapp2/Home_FT2/home/csic/toq/cph/.julia/juliaup/julia-1.11.1+0.x64.linux.gnu/share/julia/stdlib/v1.11/Distributed/src/process_messages.jl:133
 [5] (::Distributed.var"#103#104"{Sockets.TCPSocket, Sockets.TCPSocket, Bool})()
   @ Distributed /mnt/netapp2/Home_FT2/home/csic/toq/cph/.julia/juliaup/julia-1.11.1+0.x64.linux.gnu/share/julia/stdlib/v1.11/Distributed/src/process_messages.jl:121
UNHANDLED TASK ERROR: Version read failed. Connection closed by peer.
Stacktrace:
 [1] error(s::String)
   @ Base ./error.jl:35
 [2] process_hdr(s::Sockets.TCPSocket, validate_cookie::Bool)
   @ Distributed /mnt/netapp2/Home_FT2/home/csic/toq/cph/.julia/juliaup/julia-1.11.1+0.x64.linux.gnu/share/julia/stdlib/v1.11/Distributed/src/process_messages.jl:276
 [3] message_handler_loop(r_stream::Sockets.TCPSocket, w_stream::Sockets.TCPSocket, incoming::Bool)
   @ Distributed /mnt/netapp2/Home_FT2/home/csic/toq/cph/.julia/juliaup/julia-1.11.1+0.x64.linux.gnu/share/julia/stdlib/v1.11/Distributed/src/process_messages.jl:158
 [4] process_tcp_streams(r_stream::Sockets.TCPSocket, w_stream::Sockets.TCPSocket, incoming::Bool)
   @ Distributed /mnt/netapp2/Home_FT2/home/csic/toq/cph/.julia/juliaup/julia-1.11.1+0.x64.linux.gnu/share/julia/stdlib/v1.11/Distributed/src/process_messages.jl:133
 [5] (::Distributed.var"#103#104"{Sockets.TCPSocket, Sockets.TCPSocket, Bool})()
   @ Distributed /mnt/netapp2/Home_FT2/home/csic/toq/cph/.julia/juliaup/julia-1.11.1+0.x64.linux.gnu/share/julia/stdlib/v1.11/Distributed/src/process_messages.jl:121
UNHANDLED TASK ERROR: Version read failed. Connection closed by peer.
Stacktrace:
 [1] error(s::String)
   @ Base ./error.jl:35
 [2] process_hdr(s::Sockets.TCPSocket, validate_cookie::Bool)
   @ Distributed /mnt/netapp2/Home_FT2/home/csic/toq/cph/.julia/juliaup/julia-1.11.1+0.x64.linux.gnu/share/julia/stdlib/v1.11/Distributed/src/process_messages.jl:276
 [3] message_handler_loop(r_stream::Sockets.TCPSocket, w_stream::Sockets.TCPSocket, incoming::Bool)
   @ Distributed /mnt/netapp2/Home_FT2/home/csic/toq/cph/.julia/juliaup/julia-1.11.1+0.x64.linux.gnu/share/julia/stdlib/v1.11/Distributed/src/process_messages.jl:158
 [4] process_tcp_streams(r_stream::Sockets.TCPSocket, w_stream::Sockets.TCPSocket, incoming::Bool)
   @ Distributed /mnt/netapp2/Home_FT2/home/csic/toq/cph/.julia/juliaup/julia-1.11.1+0.x64.linux.gnu/share/julia/stdlib/v1.11/Distributed/src/process_messages.jl:133
 [5] (::Distributed.var"#103#104"{Sockets.TCPSocket, Sockets.TCPSocket, Bool})()
   @ Distributed /mnt/netapp2/Home_FT2/home/csic/toq/cph/.julia/juliaup/julia-1.11.1+0.x64.linux.gnu/share/julia/stdlib/v1.11/Distributed/src/process_messages.jl:121
UNHANDLED TASK ERROR: Version read failed. Connection closed by peer.
Stacktrace:
 [1] error(s::String)
   @ Base ./error.jl:35
 [2] process_hdr(s::Sockets.TCPSocket, validate_cookie::Bool)
   @ Distributed /mnt/netapp2/Home_FT2/home/csic/toq/cph/.julia/juliaup/julia-1.11.1+0.x64.linux.gnu/share/julia/stdlib/v1.11/Distributed/src/process_messages.jl:276
 [3] message_handler_loop(r_stream::Sockets.TCPSocket, w_stream::Sockets.TCPSocket, incoming::Bool)
   @ Distributed /mnt/netapp2/Home_FT2/home/csic/toq/cph/.julia/juliaup/julia-1.11.1+0.x64.linux.gnu/share/julia/stdlib/v1.11/Distributed/src/process_messages.jl:158
 [4] process_tcp_streams(r_stream::Sockets.TCPSocket, w_stream::Sockets.TCPSocket, incoming::Bool)
   @ Distributed /mnt/netapp2/Home_FT2/home/csic/toq/cph/.julia/juliaup/julia-1.11.1+0.x64.linux.gnu/share/julia/stdlib/v1.11/Distributed/src/process_messages.jl:133
 [5] (::Distributed.var"#103#104"{Sockets.TCPSocket, Sockets.TCPSocket, Bool})()
   @ Distributed /mnt/netapp2/Home_FT2/home/csic/toq/cph/.julia/juliaup/julia-1.11.1+0.x64.linux.gnu/share/julia/stdlib/v1.11/Distributed/src/process_messages.jl:121
UNHANDLED TASK ERROR: EOFError: read end of file
Stacktrace:
 [1] (::Base.var"#wait_locked#832")(s::Sockets.TCPSocket, buf::IOBuffer, nb::Int64)
   @ Base ./stream.jl:970
 [2] unsafe_read(s::Sockets.TCPSocket, p::Ptr{UInt8}, nb::UInt64)
   @ Base ./stream.jl:978
 [3] unsafe_read
   @ ./io.jl:891 [inlined]
 [4] unsafe_read(s::Sockets.TCPSocket, p::Base.RefValue{NTuple{4, Int64}}, n::Int64)
   @ Base ./io.jl:890
 [5] read!
   @ ./io.jl:895 [inlined]
 [6] deserialize_hdr_raw
   @ /mnt/netapp2/Home_FT2/home/csic/toq/cph/.julia/juliaup/julia-1.11.1+0.x64.linux.gnu/share/julia/stdlib/v1.11/Distributed/src/messages.jl:167 [inlined]
 [7] message_handler_loop(r_stream::Sockets.TCPSocket, w_stream::Sockets.TCPSocket, incoming::Bool)
   @ Distributed /mnt/netapp2/Home_FT2/home/csic/toq/cph/.julia/juliaup/julia-1.11.1+0.x64.linux.gnu/share/julia/stdlib/v1.11/Distributed/src/process_messages.jl:172
 [8] process_tcp_streams(r_stream::Sockets.TCPSocket, w_stream::Sockets.TCPSocket, incoming::Bool)
   @ Distributed /mnt/netapp2/Home_FT2/home/csic/toq/cph/.julia/juliaup/julia-1.11.1+0.x64.linux.gnu/share/julia/stdlib/v1.11/Distributed/src/process_messages.jl:133
 [9] (::Distributed.var"#103#104"{Sockets.TCPSocket, Sockets.TCPSocket, Bool})()
   @ Distributed /mnt/netapp2/Home_FT2/home/csic/toq/cph/.julia/juliaup/julia-1.11.1+0.x64.linux.gnu/share/julia/stdlib/v1.11/Distributed/src/process_messages.jl:121
Worker 36 terminated.
Worker 32 terminated.
Worker 42 terminated.
Worker 37 terminated.
Worker 41 terminated.
Worker 43 terminated.
Worker 39 terminated.
Worker 33 terminated.
Worker 30 terminated.
Worker 34 terminated.
Worker 46 terminated.
Worker 44 terminated.
Worker 45 terminated.
Worker 35 terminated.
Worker 29 terminated.
Worker 38 terminated.
UNHANDLED TASK ERROR: EOFError: read end of file
Stacktrace:
 [1] (::Base.var"#wait_locked#832")(s::Sockets.TCPSocket, buf::IOBuffer, nb::Int64)
   @ Base ./stream.jl:970
 [2] unsafe_read(s::Sockets.TCPSocket, p::Ptr{UInt8}, nb::UInt64)
   @ Base ./stream.jl:978
 [3] unsafe_read
   @ ./io.jl:891 [inlined]
 [4] unsafe_read(s::Sockets.TCPSocket, p::Base.RefValue{NTuple{4, Int64}}, n::Int64)
   @ Base ./io.jl:890
 [5] read!
   @ ./io.jl:895 [inlined]
 [6] deserialize_hdr_raw
   @ /mnt/netapp2/Home_FT2/home/csic/toq/cph/.julia/juliaup/julia-1.11.1+0.x64.linux.gnu/share/julia/stdlib/v1.11/Distributed/src/messages.jl:167 [inlined]
 [7] message_handler_loop(r_stream::Sockets.TCPSocket, w_stream::Sockets.TCPSocket, incoming::Bool)
   @ Distributed /mnt/netapp2/Home_FT2/home/csic/toq/cph/.julia/juliaup/julia-1.11.1+0.x64.linux.gnu/share/julia/stdlib/v1.11/Distributed/src/process_messages.jl:172
 [8] process_tcp_streams(r_stream::Sockets.TCPSocket, w_stream::Sockets.TCPSocket, incoming::Bool)
   @ Distributed /mnt/netapp2/Home_FT2/home/csic/toq/cph/.julia/juliaup/julia-1.11.1+0.x64.linux.gnu/share/julia/stdlib/v1.11/Distributed/src/process_messages.jl:133
 [9] (::Distributed.var"#103#104"{Sockets.TCPSocket, Sockets.TCPSocket, Bool})()
   @ Distributed /mnt/netapp2/Home_FT2/home/csic/toq/cph/.julia/juliaup/julia-1.11.1+0.x64.linux.gnu/share/julia/stdlib/v1.11/Distributed/src/process_messages.jl:121
Worker 8 terminated.
Worker 9 terminated.
Worker 7 terminated.
Worker 26 terminated.
Worker 4 terminated.
Worker 3 terminated.
UNHANDLED TASK ERROR: EOFError: read end of file
Stacktrace:
 [1] (::Base.var"#wait_locked#832")(s::Sockets.TCPSocket, buf::IOBuffer, nb::Int64)
   @ Base ./stream.jl:970
 [2] unsafe_read(s::Sockets.TCPSocket, p::Ptr{UInt8}, nb::UInt64)
   @ Base ./stream.jl:978
 [3] unsafe_read
   @ ./io.jl:891 [inlined]
 [4] unsafe_read(s::Sockets.TCPSocket, p::Base.RefValue{NTuple{4, Int64}}, n::Int64)
   @ Base ./io.jl:890
 [5] read!
   @ ./io.jl:895 [inlined]
 [6] deserialize_hdr_raw
   @ /mnt/netapp2/Home_FT2/home/csic/toq/cph/.julia/juliaup/julia-1.11.1+0.x64.linux.gnu/share/julia/stdlib/v1.11/Distributed/src/messages.jl:167 [inlined]
 [7] message_handler_loop(r_stream::Sockets.TCPSocket, w_stream::Sockets.TCPSocket, incoming::Bool)
   @ Distributed /mnt/netapp2/Home_FT2/home/csic/toq/cph/.julia/juliaup/julia-1.11.1+0.x64.linux.gnu/share/julia/stdlib/v1.11/Distributed/src/process_messages.jl:172
 [8] process_tcp_streams(r_stream::Sockets.TCPSocket, w_stream::Sockets.TCPSocket, incoming::Bool)
   @ Distributed /mnt/netapp2/Home_FT2/home/csic/toq/cph/.julia/juliaup/julia-1.11.1+0.x64.linux.gnu/share/julia/stdlib/v1.11/Distributed/src/process_messages.jl:133
 [9] (::Distributed.var"#103#104"{Sockets.TCPSocket, Sockets.TCPSocket, Bool})()
   @ Distributed /mnt/netapp2/Home_FT2/home/csic/toq/cph/.julia/juliaup/julia-1.11.1+0.x64.linux.gnu/share/julia/stdlib/v1.11/Distributed/src/process_messages.jl:121
UNHANDLED TASK ERROR: IOError: read: connection reset by peer (ECONNRESET)
Stacktrace:
  [1] wait_readnb(x::Sockets.TCPSocket, nb::Int64)
    @ Base ./stream.jl:410
  [2] (::Base.var"#wait_locked#832")(s::Sockets.TCPSocket, buf::IOBuffer, nb::Int64)
    @ Base ./stream.jl:972
  [3] unsafe_read(s::Sockets.TCPSocket, p::Ptr{UInt8}, nb::UInt64)
    @ Base ./stream.jl:978
  [4] unsafe_read
    @ ./io.jl:891 [inlined]
  [5] unsafe_read(s::Sockets.TCPSocket, p::Base.RefValue{NTuple{4, Int64}}, n::Int64)
    @ Base ./io.jl:890
  [6] read!
    @ ./io.jl:895 [inlined]
  [7] deserialize_hdr_raw
    @ /mnt/netapp2/Home_FT2/home/csic/toq/cph/.julia/juliaup/julia-1.11.1+0.x64.linux.gnu/share/julia/stdlib/v1.11/Distributed/src/messages.jl:167 [inlined]
  [8] message_handler_loop(r_stream::Sockets.TCPSocket, w_stream::Sockets.TCPSocket, incoming::Bool)
    @ Distributed /mnt/netapp2/Home_FT2/home/csic/toq/cph/.julia/juliaup/julia-1.11.1+0.x64.linux.gnu/share/julia/stdlib/v1.11/Distributed/src/process_messages.jl:172
  [9] process_tcp_streams(r_stream::Sockets.TCPSocket, w_stream::Sockets.TCPSocket, incoming::Bool)
    @ Distributed /mnt/netapp2/Home_FT2/home/csic/toq/cph/.julia/juliaup/julia-1.11.1+0.x64.linux.gnu/share/julia/stdlib/v1.11/Distributed/src/process_messages.jl:133
 [10] (::Distributed.var"#103#104"{Sockets.TCPSocket, Sockets.TCPSocket, Bool})()
    @ Distributed /mnt/netapp2/Home_FT2/home/csic/toq/cph/.julia/juliaup/julia-1.11.1+0.x64.linux.gnu/share/julia/stdlib/v1.11/Distributed/src/process_messages.jl:121
UNHANDLED TASK ERROR: EOFError: read end of file
Stacktrace:
 [1] (::Base.var"#wait_locked#832")(s::Sockets.TCPSocket, buf::IOBuffer, nb::Int64)
   @ Base ./stream.jl:970
 [2] unsafe_read(s::Sockets.TCPSocket, p::Ptr{UInt8}, nb::UInt64)
   @ Base ./stream.jl:978
 [3] unsafe_read
   @ ./io.jl:891 [inlined]
 [4] unsafe_read(s::Sockets.TCPSocket, p::Base.RefValue{NTuple{4, Int64}}, n::Int64)
   @ Base ./io.jl:890
 [5] read!
   @ ./io.jl:895 [inlined]
 [6] deserialize_hdr_raw
   @ /mnt/netapp2/Home_FT2/home/csic/toq/cph/.julia/juliaup/julia-1.11.1+0.x64.linux.gnu/share/julia/stdlib/v1.11/Distributed/src/messages.jl:167 [inlined]
 [7] message_handler_loop(r_stream::Sockets.TCPSocket, w_stream::Sockets.TCPSocket, incoming::Bool)
   @ Distributed /mnt/netapp2/Home_FT2/home/csic/toq/cph/.julia/juliaup/julia-1.11.1+0.x64.linux.gnu/share/julia/stdlib/v1.11/Distributed/src/process_messages.jl:172
 [8] process_tcp_streams(r_stream::Sockets.TCPSocket, w_stream::Sockets.TCPSocket, incoming::Bool)
   @ Distributed /mnt/netapp2/Home_FT2/home/csic/toq/cph/.julia/juliaup/julia-1.11.1+0.x64.linux.gnu/share/julia/stdlib/v1.11/Distributed/src/process_messages.jl:133
 [9] (::Distributed.var"#103#104"{Sockets.TCPSocket, Sockets.TCPSocket, Bool})()
   @ Distributed /mnt/netapp2/Home_FT2/home/csic/toq/cph/.julia/juliaup/julia-1.11.1+0.x64.linux.gnu/share/julia/stdlib/v1.11/Distributed/src/process_messages.jl:121
Worker 31 terminated.

[269152] signal 15: Terminated

[269154] signal 15: Terminated

[269148] signal 15: Terminated

[269149] signal 15: Terminated

[269150] signal 15: Terminated

[269151] signal 15: Terminated

[269153] signal 15: Terminated

[269155] signal 15: Terminated

[269157] signal 15: Terminated

[269158] signal 15: Terminated

[269159] signal 15: Terminated

[269161] signal 15: Terminated

[269162] signal 15: Terminated

[269163] signal 15: Terminated

[269164] signal 15: Terminated

[269165] signal 15: Terminated

[269166] signal 15: Terminated

[269167] signal 15: Terminated
in expression starting at none:0
in expression starting at none:0
in expression starting at none:0
in expression starting at none:0
in expression starting at none:0
in expression starting at none:0
in expression starting at none:0
in expression starting at none:0
in expression starting at none:0
in expression starting at none:0
in expression starting at none:0
in expression starting at none:0
in expression starting at none:0
in expression starting at none:0
in expression starting at none:0
in expression starting at none:0
in expression starting at none:0
in expression starting at none:0
jl_read_reloclist at /cache/build/builder-demeter6-6/julialang/julia-master/src/staticdata.c:2019
jl_read_reloclist at /cache/build/builder-demeter6-6/julialang/julia-master/src/staticdata.c:2004
jl_read_reloclist at /cache/build/builder-demeter6-6/julialang/julia-master/src/staticdata.c:2004
jl_read_reloclist at /cache/build/builder-demeter6-6/julialang/julia-master/src/staticdata.c:2019
jl_read_reloclist at /cache/build/builder-demeter6-6/julialang/julia-master/src/staticdata.c:2004
jl_read_reloclist at /cache/build/builder-demeter6-6/julialang/julia-master/src/staticdata.c:2019
jl_read_reloclist at /cache/build/builder-demeter6-6/julialang/julia-master/src/staticdata.c:2004
jl_read_reloclist at /cache/build/builder-demeter6-6/julialang/julia-master/src/staticdata.c:2004
jl_read_reloclist at /cache/build/builder-demeter6-6/julialang/julia-master/src/staticdata.c:2019
jl_read_reloclist at /cache/build/builder-demeter6-6/julialang/julia-master/src/staticdata.c:2017
jl_read_reloclist at /cache/build/builder-demeter6-6/julialang/julia-master/src/staticdata.c:2017
jl_read_reloclist at /cache/build/builder-demeter6-6/julialang/julia-master/src/staticdata.c:2019
jl_read_reloclist at /cache/build/builder-demeter6-6/julialang/julia-master/src/staticdata.c:2019
get_item_for_reloc at /cache/build/builder-demeter6-6/julialang/julia-master/src/staticdata.c:1867 [inlined]
get_item_for_reloc at /cache/build/builder-demeter6-6/julialang/julia-master/src/staticdata.c:1862 [inlined]
get_item_for_reloc at /cache/build/builder-demeter6-6/julialang/julia-master/src/staticdata.c:1867 [inlined]
jl_read_reloclist at /cache/build/builder-demeter6-6/julialang/julia-master/src/staticdata.c:2018
jl_read_reloclist at /cache/build/builder-demeter6-6/julialang/julia-master/src/staticdata.c:2018
jl_read_reloclist at /cache/build/builder-demeter6-6/julialang/julia-master/src/staticdata.c:2018
get_item_for_reloc at /cache/build/builder-demeter6-6/julialang/julia-master/src/staticdata.c:1862 [inlined]
jl_read_reloclist at /cache/build/builder-demeter6-6/julialang/julia-master/src/staticdata.c:2018
get_item_for_reloc at /cache/build/builder-demeter6-6/julialang/julia-master/src/staticdata.c:1867 [inlined]
jl_read_reloclist at /cache/build/builder-demeter6-6/julialang/julia-master/src/staticdata.c:2018
jl_restore_system_image_from_stream_ at /cache/build/builder-demeter6-6/julialang/julia-master/src/staticdata.c:3239
jl_restore_system_image_from_stream_ at /cache/build/builder-demeter6-6/julialang/julia-master/src/staticdata.c:3239
jl_restore_system_image_from_stream_ at /cache/build/builder-demeter6-6/julialang/julia-master/src/staticdata.c:3239
jl_restore_system_image_from_stream_ at /cache/build/builder-demeter6-6/julialang/julia-master/src/staticdata.c:3239
jl_restore_system_image_from_stream_ at /cache/build/builder-demeter6-6/julialang/julia-master/src/staticdata.c:3239
jl_restore_system_image_from_stream_ at /cache/build/builder-demeter6-6/julialang/julia-master/src/staticdata.c:3239
jl_restore_system_image_from_stream_ at /cache/build/builder-demeter6-6/julialang/julia-master/src/staticdata.c:3239
jl_restore_system_image_from_stream_ at /cache/build/builder-demeter6-6/julialang/julia-master/src/staticdata.c:3239
jl_restore_system_image_from_stream_ at /cache/build/builder-demeter6-6/julialang/julia-master/src/staticdata.c:3239
jl_restore_system_image_from_stream_ at /cache/build/builder-demeter6-6/julialang/julia-master/src/staticdata.c:3239
jl_restore_system_image_from_stream_ at /cache/build/builder-demeter6-6/julialang/julia-master/src/staticdata.c:3239
jl_restore_system_image_from_stream_ at /cache/build/builder-demeter6-6/julialang/julia-master/src/staticdata.c:3239
jl_restore_system_image_from_stream_ at /cache/build/builder-demeter6-6/julialang/julia-master/src/staticdata.c:3239
jl_restore_system_image_from_stream at /cache/build/builder-demeter6-6/julialang/julia-master/src/staticdata.c:3694 [inlined]
jl_restore_system_image_from_stream at /cache/build/builder-demeter6-6/julialang/julia-master/src/staticdata.c:3694 [inlined]
jl_restore_system_image_from_stream at /cache/build/builder-demeter6-6/julialang/julia-master/src/staticdata.c:3694 [inlined]
jl_restore_system_image_from_stream at /cache/build/builder-demeter6-6/julialang/julia-master/src/staticdata.c:3694 [inlined]
jl_restore_system_image_from_stream at /cache/build/builder-demeter6-6/julialang/julia-master/src/staticdata.c:3694 [inlined]
ijl_restore_system_image_data at /cache/build/builder-demeter6-6/julialang/julia-master/src/staticdata.c:3759
jl_restore_system_image_from_stream_ at /cache/build/builder-demeter6-6/julialang/julia-master/src/staticdata.c:3239
ijl_restore_system_image_data at /cache/build/builder-demeter6-6/julialang/julia-master/src/staticdata.c:3759
ijl_restore_system_image_data at /cache/build/builder-demeter6-6/julialang/julia-master/src/staticdata.c:3759
ijl_restore_system_image_data at /cache/build/builder-demeter6-6/julialang/julia-master/src/staticdata.c:3759
jl_restore_system_image_from_stream_ at /cache/build/builder-demeter6-6/julialang/julia-master/src/staticdata.c:3239
jl_restore_system_image_from_stream at /cache/build/builder-demeter6-6/julialang/julia-master/src/staticdata.c:3694 [inlined]
ijl_restore_system_image_data at /cache/build/builder-demeter6-6/julialang/julia-master/src/staticdata.c:3759
ijl_restore_system_image_data at /cache/build/builder-demeter6-6/julialang/julia-master/src/staticdata.c:3759
jl_restore_system_image_from_stream_ at /cache/build/builder-demeter6-6/julialang/julia-master/src/staticdata.c:3239
jl_restore_system_image_from_stream_ at /cache/build/builder-demeter6-6/julialang/julia-master/src/staticdata.c:3239
jl_restore_system_image_from_stream at /cache/build/builder-demeter6-6/julialang/julia-master/src/staticdata.c:3694 [inlined]
jl_restore_system_image_from_stream at /cache/build/builder-demeter6-6/julialang/julia-master/src/staticdata.c:3694 [inlined]
jl_restore_system_image_from_stream at /cache/build/builder-demeter6-6/julialang/julia-master/src/staticdata.c:3694 [inlined]
jl_restore_system_image_from_stream at /cache/build/builder-demeter6-6/julialang/julia-master/src/staticdata.c:3694 [inlined]
jl_restore_system_image_from_stream at /cache/build/builder-demeter6-6/julialang/julia-master/src/staticdata.c:3694 [inlined]
jl_restore_system_image_from_stream at /cache/build/builder-demeter6-6/julialang/julia-master/src/staticdata.c:3694 [inlined]
ijl_restore_system_image_data at /cache/build/builder-demeter6-6/julialang/julia-master/src/staticdata.c:3759
ijl_restore_system_image_data at /cache/build/builder-demeter6-6/julialang/julia-master/src/staticdata.c:3759
ijl_restore_system_image_data at /cache/build/builder-demeter6-6/julialang/julia-master/src/staticdata.c:3759
ijl_restore_system_image_data at /cache/build/builder-demeter6-6/julialang/julia-master/src/staticdata.c:3759
ijl_restore_system_image_data at /cache/build/builder-demeter6-6/julialang/julia-master/src/staticdata.c:3759
ijl_restore_system_image_data at /cache/build/builder-demeter6-6/julialang/julia-master/src/staticdata.c:3759
jl_restore_system_image_from_stream at /cache/build/builder-demeter6-6/julialang/julia-master/src/staticdata.c:3694 [inlined]
ijl_restore_system_image_data at /cache/build/builder-demeter6-6/julialang/julia-master/src/staticdata.c:3759
jl_load_sysimg_so at /cache/build/builder-demeter6-6/julialang/julia-master/src/staticdata.c:624 [inlined]
jl_load_sysimg_so at /cache/build/builder-demeter6-6/julialang/julia-master/src/staticdata.c:624 [inlined]
jl_load_sysimg_so at /cache/build/builder-demeter6-6/julialang/julia-master/src/staticdata.c:624 [inlined]
jl_load_sysimg_so at /cache/build/builder-demeter6-6/julialang/julia-master/src/staticdata.c:624 [inlined]
jl_load_sysimg_so at /cache/build/builder-demeter6-6/julialang/julia-master/src/staticdata.c:624 [inlined]
ijl_restore_system_image at /cache/build/builder-demeter6-6/julialang/julia-master/src/staticdata.c:3730
ijl_restore_system_image at /cache/build/builder-demeter6-6/julialang/julia-master/src/staticdata.c:3730
ijl_restore_system_image at /cache/build/builder-demeter6-6/julialang/julia-master/src/staticdata.c:3730
ijl_restore_system_image at /cache/build/builder-demeter6-6/julialang/julia-master/src/staticdata.c:3730
ijl_restore_system_image at /cache/build/builder-demeter6-6/julialang/julia-master/src/staticdata.c:3730
jl_load_sysimg_so at /cache/build/builder-demeter6-6/julialang/julia-master/src/staticdata.c:624 [inlined]
jl_restore_system_image_from_stream at /cache/build/builder-demeter6-6/julialang/julia-master/src/staticdata.c:3694 [inlined]
jl_load_sysimg_so at /cache/build/builder-demeter6-6/julialang/julia-master/src/staticdata.c:624 [inlined]
jl_restore_system_image_from_stream at /cache/build/builder-demeter6-6/julialang/julia-master/src/staticdata.c:3694 [inlined]
jl_load_sysimg_so at /cache/build/builder-demeter6-6/julialang/julia-master/src/staticdata.c:624 [inlined]
jl_restore_system_image_from_stream at /cache/build/builder-demeter6-6/julialang/julia-master/src/staticdata.c:3694 [inlined]
jl_restore_system_image_from_stream at /cache/build/builder-demeter6-6/julialang/julia-master/src/staticdata.c:3694 [inlined]
jl_load_sysimg_so at /cache/build/builder-demeter6-6/julialang/julia-master/src/staticdata.c:624 [inlined]
ijl_restore_system_image at /cache/build/builder-demeter6-6/julialang/julia-master/src/staticdata.c:3730
ijl_restore_system_image at /cache/build/builder-demeter6-6/julialang/julia-master/src/staticdata.c:3730
ijl_restore_system_image_data at /cache/build/builder-demeter6-6/julialang/julia-master/src/staticdata.c:3759
ijl_restore_system_image_data at /cache/build/builder-demeter6-6/julialang/julia-master/src/staticdata.c:3759
ijl_restore_system_image_data at /cache/build/builder-demeter6-6/julialang/julia-master/src/staticdata.c:3759
ijl_restore_system_image at /cache/build/builder-demeter6-6/julialang/julia-master/src/staticdata.c:3730
ijl_restore_system_image_data at /cache/build/builder-demeter6-6/julialang/julia-master/src/staticdata.c:3759
ijl_restore_system_image at /cache/build/builder-demeter6-6/julialang/julia-master/src/staticdata.c:3730
jl_load_sysimg_so at /cache/build/builder-demeter6-6/julialang/julia-master/src/staticdata.c:624 [inlined]
ijl_restore_system_image at /cache/build/builder-demeter6-6/julialang/julia-master/src/staticdata.c:3730
jl_load_sysimg_so at /cache/build/builder-demeter6-6/julialang/julia-master/src/staticdata.c:624 [inlined]
jl_load_sysimg_so at /cache/build/builder-demeter6-6/julialang/julia-master/src/staticdata.c:624 [inlined]
ijl_restore_system_image at /cache/build/builder-demeter6-6/julialang/julia-master/src/staticdata.c:3730
ijl_restore_system_image at /cache/build/builder-demeter6-6/julialang/julia-master/src/staticdata.c:3730
jl_load_sysimg_so at /cache/build/builder-demeter6-6/julialang/julia-master/src/staticdata.c:624 [inlined]
jl_load_sysimg_so at /cache/build/builder-demeter6-6/julialang/julia-master/src/staticdata.c:624 [inlined]
jl_load_sysimg_so at /cache/build/builder-demeter6-6/julialang/julia-master/src/staticdata.c:624 [inlined]
ijl_restore_system_image at /cache/build/builder-demeter6-6/julialang/julia-master/src/staticdata.c:3730
ijl_restore_system_image at /cache/build/builder-demeter6-6/julialang/julia-master/src/staticdata.c:3730
ijl_restore_system_image at /cache/build/builder-demeter6-6/julialang/julia-master/src/staticdata.c:3730
jl_load_sysimg_so at /cache/build/builder-demeter6-6/julialang/julia-master/src/staticdata.c:624 [inlined]
ijl_restore_system_image at /cache/build/builder-demeter6-6/julialang/julia-master/src/staticdata.c:3730
jl_load_sysimg_so at /cache/build/builder-demeter6-6/julialang/julia-master/src/staticdata.c:624 [inlined]
ijl_restore_system_image at /cache/build/builder-demeter6-6/julialang/julia-master/src/staticdata.c:3730
_finish_julia_init at /cache/build/builder-demeter6-6/julialang/julia-master/src/init.c:861
_finish_julia_init at /cache/build/builder-demeter6-6/julialang/julia-master/src/init.c:861
_finish_julia_init at /cache/build/builder-demeter6-6/julialang/julia-master/src/init.c:861
_finish_julia_init at /cache/build/builder-demeter6-6/julialang/julia-master/src/init.c:861
_finish_julia_init at /cache/build/builder-demeter6-6/julialang/julia-master/src/init.c:861
_finish_julia_init at /cache/build/builder-demeter6-6/julialang/julia-master/src/init.c:861
jl_restore_system_image_from_stream_ at /cache/build/builder-demeter6-6/julialang/julia-master/src/staticdata.c:3239
_finish_julia_init at /cache/build/builder-demeter6-6/julialang/julia-master/src/init.c:861
_finish_julia_init at /cache/build/builder-demeter6-6/julialang/julia-master/src/init.c:861
_finish_julia_init at /cache/build/builder-demeter6-6/julialang/julia-master/src/init.c:861
_finish_julia_init at /cache/build/builder-demeter6-6/julialang/julia-master/src/init.c:861
_finish_julia_init at /cache/build/builder-demeter6-6/julialang/julia-master/src/init.c:861
_finish_julia_init at /cache/build/builder-demeter6-6/julialang/julia-master/src/init.c:861
_finish_julia_init at /cache/build/builder-demeter6-6/julialang/julia-master/src/init.c:861
_finish_julia_init at /cache/build/builder-demeter6-6/julialang/julia-master/src/init.c:861
_finish_julia_init at /cache/build/builder-demeter6-6/julialang/julia-master/src/init.c:861
julia_init at /cache/build/builder-demeter6-6/julialang/julia-master/src/init.c:843
_finish_julia_init at /cache/build/builder-demeter6-6/julialang/julia-master/src/init.c:861
julia_init at /cache/build/builder-demeter6-6/julialang/julia-master/src/init.c:843
julia_init at /cache/build/builder-demeter6-6/julialang/julia-master/src/init.c:843
julia_init at /cache/build/builder-demeter6-6/julialang/julia-master/src/init.c:843
julia_init at /cache/build/builder-demeter6-6/julialang/julia-master/src/init.c:843
julia_init at /cache/build/builder-demeter6-6/julialang/julia-master/src/init.c:843
julia_init at /cache/build/builder-demeter6-6/julialang/julia-master/src/init.c:843
julia_init at /cache/build/builder-demeter6-6/julialang/julia-master/src/init.c:843
julia_init at /cache/build/builder-demeter6-6/julialang/julia-master/src/init.c:843
julia_init at /cache/build/builder-demeter6-6/julialang/julia-master/src/init.c:843
julia_init at /cache/build/builder-demeter6-6/julialang/julia-master/src/init.c:843
julia_init at /cache/build/builder-demeter6-6/julialang/julia-master/src/init.c:843
julia_init at /cache/build/builder-demeter6-6/julialang/julia-master/src/init.c:843
julia_init at /cache/build/builder-demeter6-6/julialang/julia-master/src/init.c:843
julia_init at /cache/build/builder-demeter6-6/julialang/julia-master/src/init.c:843
julia_init at /cache/build/builder-demeter6-6/julialang/julia-master/src/init.c:843
jl_restore_system_image_from_stream at /cache/build/builder-demeter6-6/julialang/julia-master/src/staticdata.c:3694 [inlined]
ijl_restore_system_image_data at /cache/build/builder-demeter6-6/julialang/julia-master/src/staticdata.c:3759
jl_load_sysimg_so at /cache/build/builder-demeter6-6/julialang/julia-master/src/staticdata.c:624 [inlined]
ijl_restore_system_image at /cache/build/builder-demeter6-6/julialang/julia-master/src/staticdata.c:3730
srun: Force Terminated StepId=9461964.0
slurmstepd: error: *** JOB 9461964 ON ilk-44 CANCELLED AT 2024-11-25T11:37:58 ***
