slurmstepd: info: Setting TMPDIR to /scratch/9698292. Previous errors about TMPDIR can be discarded
Running scm_0.4
slurmstepd: error: Detected 1 oom-kill event(s) in StepId=9698292.0. Some of your processes may have been killed by the cgroup out-of-memory handler.
srun: error: ilk-75: task 27: Out Of Memory
srun: launch/slurm: _step_signal: Terminating StepId=9698292.0
ERROR: LoadError: TaskFailedException

    nested task error: worker did not connect within 60.0 seconds
    Stacktrace:
     [1] error(s::String)
       @ Base ./error.jl:35
     [2] create_worker(manager::SlurmManager, wconfig::WorkerConfig)
       @ Distributed /mnt/netapp2/Home_FT2/home/csic/toq/cph/.julia/juliaup/julia-1.11.1+0.x64.linux.gnu/share/julia/stdlib/v1.11/Distributed/src/cluster.jl:691
     [3] setup_launched_worker(manager::SlurmManager, wconfig::WorkerConfig, launched_q::Vector{Int64})
       @ Distributed /mnt/netapp2/Home_FT2/home/csic/toq/cph/.julia/juliaup/julia-1.11.1+0.x64.linux.gnu/share/julia/stdlib/v1.11/Distributed/src/cluster.jl:545
     [4] (::Distributed.var"#45#48"{SlurmManager, Vector{Int64}, WorkerConfig})()
       @ Distributed /mnt/netapp2/Home_FT2/home/csic/toq/cph/.julia/juliaup/julia-1.11.1+0.x64.linux.gnu/share/julia/stdlib/v1.11/Distributed/src/cluster.jl:501

...and 13 more exceptions.

Stacktrace:
 [1] sync_end(c::Channel{Any})
   @ Base ./task.jl:466
 [2] macro expansion
   @ ./task.jl:499 [inlined]
 [3] addprocs_locked(manager::SlurmManager; kwargs::@Kwargs{})
   @ Distributed /mnt/netapp2/Home_FT2/home/csic/toq/cph/.julia/juliaup/julia-1.11.1+0.x64.linux.gnu/share/julia/stdlib/v1.11/Distributed/src/cluster.jl:490
 [4] addprocs_locked
   @ /mnt/netapp2/Home_FT2/home/csic/toq/cph/.julia/juliaup/julia-1.11.1+0.x64.linux.gnu/share/julia/stdlib/v1.11/Distributed/src/cluster.jl:456 [inlined]
 [5] addprocs(manager::SlurmManager; kwargs::@Kwargs{})
   @ Distributed /mnt/netapp2/Home_FT2/home/csic/toq/cph/.julia/juliaup/julia-1.11.1+0.x64.linux.gnu/share/julia/stdlib/v1.11/Distributed/src/cluster.jl:450
 [6] addprocs
   @ /mnt/netapp2/Home_FT2/home/csic/toq/cph/.julia/juliaup/julia-1.11.1+0.x64.linux.gnu/share/julia/stdlib/v1.11/Distributed/src/cluster.jl:443 [inlined]
 [7] macro expansion
   @ ./timing.jl:581 [inlined]
 [8] top-level scope
   @ /mnt/netapp2/Home_FT2/home/csic/toq/cph/SP43_SNS_Paper/bin/launcher.jl:315
in expression starting at /mnt/netapp2/Home_FT2/home/csic/toq/cph/SP43_SNS_Paper/bin/launcher.jl:7
┌ Warning: Forcibly interrupting busy workers
│   exception = rmprocs: pids [60, 61, 62, 64, 65, 66, 67, 68, 69, 70, 71, 72, 73, 74] not terminated after 5.0 seconds.
└ @ Distributed /mnt/netapp2/Home_FT2/home/csic/toq/cph/.julia/juliaup/julia-1.11.1+0.x64.linux.gnu/share/julia/stdlib/v1.11/Distributed/src/cluster.jl:1253
┌ Warning: rmprocs: process 1 not removed
└ @ Distributed /mnt/netapp2/Home_FT2/home/csic/toq/cph/.julia/juliaup/julia-1.11.1+0.x64.linux.gnu/share/julia/stdlib/v1.11/Distributed/src/cluster.jl:1049
