slurmstepd: info: Setting TMPDIR to /scratch/9698351. Previous errors about TMPDIR can be discarded
Running scm_0.8
slurmstepd: error: Detected 1 oom-kill event(s) in StepId=9698351.0. Some of your processes may have been killed by the cgroup out-of-memory handler.
srun: error: ilk-122: task 23: Out Of Memory
srun: launch/slurm: _step_signal: Terminating StepId=9698351.0
slurmstepd: error: *** STEP 9698351.0 ON ilk-114 CANCELLED AT 2024-12-10T00:16:00 ***
srun: error: ilk-114: tasks 0-1: Terminated
srun: error: ilk-225: tasks 68-69: Terminated
srun: error: ilk-128: tasks 46-47: Terminated
srun: error: ilk-131: tasks 48-49: Terminated
srun: error: ilk-226: tasks 70-73: Terminated
srun: error: ilk-232: tasks 86-97: Terminated
srun: error: ilk-133: tasks 64-67: Terminated
srun: error: ilk-118: tasks 6-9: Terminated
srun: error: ilk-120: tasks 10-13: Terminated
srun: error: ilk-117: tasks 2-5: Terminated
srun: error: ilk-235: tasks 98-99: Terminated
srun: error: ilk-127: tasks 42-45: Terminated
srun: error: ilk-230: tasks 74-85: Terminated
srun: error: ilk-125: tasks 28-41: Terminated
srun: error: ilk-132: tasks 50-63: Terminated
srun: Force Terminated StepId=9698351.0
ERROR: LoadError: TaskFailedException

    nested task error: IOError: connect: connection refused (ECONNREFUSED)
    Stacktrace:
     [1] worker_from_id(pg::Distributed.ProcessGroup, i::Int64)
       @ Distributed /mnt/netapp2/Home_FT2/home/csic/toq/cph/.julia/juliaup/julia-1.11.1+0.x64.linux.gnu/share/julia/stdlib/v1.11/Distributed/src/cluster.jl:1093
     [2] worker_from_id
       @ /mnt/netapp2/Home_FT2/home/csic/toq/cph/.julia/juliaup/julia-1.11.1+0.x64.linux.gnu/share/julia/stdlib/v1.11/Distributed/src/cluster.jl:1090 [inlined]
     [3] remote_do
       @ /mnt/netapp2/Home_FT2/home/csic/toq/cph/.julia/juliaup/julia-1.11.1+0.x64.linux.gnu/share/julia/stdlib/v1.11/Distributed/src/remotecall.jl:557 [inlined]
     [4] kill
       @ /mnt/netapp2/Home_FT2/home/csic/toq/cph/.julia/juliaup/julia-1.11.1+0.x64.linux.gnu/share/julia/stdlib/v1.11/Distributed/src/managers.jl:731 [inlined]
     [5] create_worker(manager::SlurmManager, wconfig::WorkerConfig)
       @ Distributed /mnt/netapp2/Home_FT2/home/csic/toq/cph/.julia/juliaup/julia-1.11.1+0.x64.linux.gnu/share/julia/stdlib/v1.11/Distributed/src/cluster.jl:604
     [6] setup_launched_worker(manager::SlurmManager, wconfig::WorkerConfig, launched_q::Vector{Int64})
       @ Distributed /mnt/netapp2/Home_FT2/home/csic/toq/cph/.julia/juliaup/julia-1.11.1+0.x64.linux.gnu/share/julia/stdlib/v1.11/Distributed/src/cluster.jl:545
     [7] (::Distributed.var"#45#48"{SlurmManager, Vector{Int64}, WorkerConfig})()
       @ Distributed /mnt/netapp2/Home_FT2/home/csic/toq/cph/.julia/juliaup/julia-1.11.1+0.x64.linux.gnu/share/julia/stdlib/v1.11/Distributed/src/cluster.jl:501
    
    caused by: IOError: connect: connection refused (ECONNREFUSED)
    Stacktrace:
     [1] wait_connected(x::Sockets.TCPSocket)
       @ Sockets /mnt/netapp2/Home_FT2/home/csic/toq/cph/.julia/juliaup/julia-1.11.1+0.x64.linux.gnu/share/julia/stdlib/v1.11/Sockets/src/Sockets.jl:528
     [2] connect
       @ /mnt/netapp2/Home_FT2/home/csic/toq/cph/.julia/juliaup/julia-1.11.1+0.x64.linux.gnu/share/julia/stdlib/v1.11/Sockets/src/Sockets.jl:563 [inlined]
     [3] connect_to_worker(host::String, port::Int64)
       @ Distributed /mnt/netapp2/Home_FT2/home/csic/toq/cph/.julia/juliaup/julia-1.11.1+0.x64.linux.gnu/share/julia/stdlib/v1.11/Distributed/src/managers.jl:695
     [4] connect(manager::SlurmManager, pid::Int64, config::WorkerConfig)
       @ Distributed /mnt/netapp2/Home_FT2/home/csic/toq/cph/.julia/juliaup/julia-1.11.1+0.x64.linux.gnu/share/julia/stdlib/v1.11/Distributed/src/managers.jl:622
     [5] create_worker(manager::SlurmManager, wconfig::WorkerConfig)
       @ Distributed /mnt/netapp2/Home_FT2/home/csic/toq/cph/.julia/juliaup/julia-1.11.1+0.x64.linux.gnu/share/julia/stdlib/v1.11/Distributed/src/cluster.jl:600
     [6] setup_launched_worker(manager::SlurmManager, wconfig::WorkerConfig, launched_q::Vector{Int64})
       @ Distributed /mnt/netapp2/Home_FT2/home/csic/toq/cph/.julia/juliaup/julia-1.11.1+0.x64.linux.gnu/share/julia/stdlib/v1.11/Distributed/src/cluster.jl:545
     [7] (::Distributed.var"#45#48"{SlurmManager, Vector{Int64}, WorkerConfig})()
       @ Distributed /mnt/netapp2/Home_FT2/home/csic/toq/cph/.julia/juliaup/julia-1.11.1+0.x64.linux.gnu/share/julia/stdlib/v1.11/Distributed/src/cluster.jl:501

...and 84 more exceptions.

Stacktrace:
 [1] sync_end(c::Channel{Any})
   @ Base ./task.jl:466
 [2] macro expansion
   @ ./task.jl:499 [inlined]
 [3] addprocs_locked(manager::SlurmManager; kwargs::@Kwargs{})
   @ Distributed /mnt/netapp2/Home_FT2/home/csic/toq/cph/.julia/juliaup/julia-1.11.1+0.x64.linux.gnu/share/julia/stdlib/v1.11/Distributed/src/cluster.jl:490
 [4] addprocs_locked
   @ /mnt/netapp2/Home_FT2/home/csic/toq/cph/.julia/juliaup/julia-1.11.1+0.x64.linux.gnu/share/julia/stdlib/v1.11/Distributed/src/cluster.jl:456 [inlined]
 [5] addprocs(manager::SlurmManager; kwargs::@Kwargs{})
   @ Distributed /mnt/netapp2/Home_FT2/home/csic/toq/cph/.julia/juliaup/julia-1.11.1+0.x64.linux.gnu/share/julia/stdlib/v1.11/Distributed/src/cluster.jl:450
 [6] addprocs
   @ /mnt/netapp2/Home_FT2/home/csic/toq/cph/.julia/juliaup/julia-1.11.1+0.x64.linux.gnu/share/julia/stdlib/v1.11/Distributed/src/cluster.jl:443 [inlined]
 [7] macro expansion
   @ ./timing.jl:581 [inlined]
 [8] top-level scope
   @ /mnt/netapp2/Home_FT2/home/csic/toq/cph/SP43_SNS_Paper/bin/launcher.jl:315
in expression starting at /mnt/netapp2/Home_FT2/home/csic/toq/cph/SP43_SNS_Paper/bin/launcher.jl:7
Error launching Slurm job:
